<?xml version="1.0" encoding="UTF-8"?>
<testsuite errors="0" failures="1" hostname="book" name="org.hibernate.test.naturalid.immutableentity.ImmutableEntityNaturalIdTest" tests="3" time="0.053" timestamp="2012-12-13T15:55:39">
  <properties />
  <testcase classname="org.hibernate.test.naturalid.immutableentity.ImmutableEntityNaturalIdTest" name="testImmutableNaturalIdLifecycle" time="0.016" />
  <testcase classname="org.hibernate.test.naturalid.immutableentity.ImmutableEntityNaturalIdTest" name="testImmutableNaturalIdLifecycle2" time="0.016">
    <failure message="java.lang.AssertionError" type="java.lang.AssertionError">java.lang.AssertionError
	at org.junit.Assert.fail(Assert.java:92)
	at org.junit.Assert.assertTrue(Assert.java:43)
	at org.junit.Assert.assertNull(Assert.java:551)
	at org.junit.Assert.assertNull(Assert.java:562)
	at org.hibernate.test.naturalid.immutableentity.ImmutableEntityNaturalIdTest.testImmutableNaturalIdLifecycle2(ImmutableEntityNaturalIdTest.java:200)
	at sun.reflect.NativeMethodAccessorImpl.invoke0(Native Method)
	at sun.reflect.NativeMethodAccessorImpl.invoke(NativeMethodAccessorImpl.java:39)
	at sun.reflect.DelegatingMethodAccessorImpl.invoke(DelegatingMethodAccessorImpl.java:25)
	at java.lang.reflect.Method.invoke(Method.java:597)
	at org.junit.runners.model.FrameworkMethod$1.runReflectiveCall(FrameworkMethod.java:45)
	at org.junit.internal.runners.model.ReflectiveCallable.run(ReflectiveCallable.java:15)
	at org.junit.runners.model.FrameworkMethod.invokeExplosively(FrameworkMethod.java:42)
	at org.hibernate.testing.junit4.ExtendedFrameworkMethod.invokeExplosively(ExtendedFrameworkMethod.java:63)
	at org.junit.internal.runners.statements.InvokeMethod.evaluate(InvokeMethod.java:20)
	at org.junit.internal.runners.statements.RunBefores.evaluate(RunBefores.java:28)
	at org.junit.internal.runners.statements.RunAfters.evaluate(RunAfters.java:30)
	at org.junit.internal.runners.statements.FailOnTimeout$StatementThread.run(FailOnTimeout.java:62)
</failure>
  </testcase>
  <testcase classname="org.hibernate.test.naturalid.immutableentity.ImmutableEntityNaturalIdTest" name="testMappingProperties" time="0.0" />
  <system-out><![CDATA[16:55:39,812  INFO DriverManagerConnectionProviderImpl:97 - HHH000402: Using Hibernate built-in connection pool (not for production use!)
16:55:39,813  INFO DriverManagerConnectionProviderImpl:131 - HHH000115: Hibernate connection pool size: 5
16:55:39,813  INFO DriverManagerConnectionProviderImpl:134 - HHH000006: Autocommit mode: false
16:55:39,813  INFO DriverManagerConnectionProviderImpl:149 - HHH000401: using driver [org.h2.Driver] at URL [jdbc:h2:mem:db1;DB_CLOSE_DELAY=-1;MVCC=TRUE]
16:55:39,813  INFO DriverManagerConnectionProviderImpl:154 - HHH000046: Connection properties: {user=sa}
16:55:39,814  INFO Dialect:123 - HHH000400: Using dialect: org.hibernate.dialect.H2Dialect
16:55:39,814  INFO LobCreatorBuilder:94 - HHH000423: Disabling contextual LOB creation as JDBC driver reported JDBC version [3] less than 4
16:55:39,814  INFO TransactionFactoryInitiator:66 - HHH000399: Using default transaction strategy (direct JDBC transactions)
16:55:39,815  INFO ASTQueryTranslatorFactory:48 - HHH000397: Using ASTQueryTranslatorFactory
16:55:39,815  WARN CachingRegionFactory:58 - CachingRegionFactory should be only used for testing.
16:55:39,815  INFO UpdateTimestampsCache:61 - HHH000250: Starting update timestamps cache at region: hibernate.test.org.hibernate.cache.spi.UpdateTimestampsCache
16:55:39,815  INFO StandardQueryCache:85 - HHH000248: Starting query cache at region: hibernate.test.org.hibernate.cache.internal.StandardQueryCache
16:55:39,821  INFO SchemaExport:343 - HHH000227: Running hbm2ddl schema export
16:55:39,822 DEBUG SchemaExport:353 - Import file not found: /import.sql
16:55:39,822 DEBUG SQL:104 - drop table Building if exists
16:55:39,822 DEBUG SQL:104 - drop sequence hibernate_sequence
16:55:39,822 ERROR SchemaExport:425 - HHH000389: Unsuccessful: drop sequence hibernate_sequence
16:55:39,822 ERROR SchemaExport:426 - Sequence "HIBERNATE_SEQUENCE" not found; SQL statement:
drop sequence hibernate_sequence [90036-145]
16:55:39,823 DEBUG SQL:104 - create table Building (id integer not null, address varchar(255), city varchar(255), name varchar(255), state varchar(255), primary key (id), unique (address, city, state))
16:55:39,823 DEBUG SQL:104 - create sequence hibernate_sequence start with 1 increment by 1
16:55:39,823  INFO SchemaExport:405 - HHH000230: Schema export complete
16:55:39,824 DEBUG SQL:104 - call next value for hibernate_sequence
16:55:39,827 DEBUG SQL:104 - insert into Building (address, city, name, state, id) values (?, ?, ?, ?, ?)
16:55:39,828 DEBUG BaseGeneralDataRegion:59 - Caching[hibernate.test.org.hibernate.cache.spi.UpdateTimestampsCache] : [Building] -> [5551776562495488]
16:55:39,829 DEBUG BaseGeneralDataRegion:46 - Cache[hibernate.test.org.hibernate.test.naturalid.immutableentity.Building##NaturalId] lookup : key[org.hibernate.test.naturalid.immutableentity.Building##NaturalId[1210 W. Dayton St., Madison, WI]]
16:55:39,829 DEBUG BaseGeneralDataRegion:59 - Caching[hibernate.test.org.hibernate.test.naturalid.immutableentity.Building##NaturalId] : [org.hibernate.test.naturalid.immutableentity.Building##NaturalId[1210 W. Dayton St., Madison, WI]] -> [org.hibernate.testing.cache.AbstractReadWriteAccessStrategy$Item@ba8be0]
16:55:39,830 DEBUG BaseGeneralDataRegion:59 - Caching[hibernate.test.org.hibernate.cache.spi.UpdateTimestampsCache] : [Building] -> [5551776316743680]
16:55:39,831 DEBUG BaseGeneralDataRegion:79 - evict cache[hibernate.test.org.hibernate.test.naturalid.immutableentity.Building##NaturalId]
16:55:39,831 DEBUG AbstractReadWriteAccessStrategy:34 - getting key[org.hibernate.test.naturalid.immutableentity.Building##NaturalId[1210 W. Dayton St., Madison, WI]] from region[hibernate.test.org.hibernate.test.naturalid.immutableentity.Building##NaturalId]
16:55:39,831 DEBUG BaseGeneralDataRegion:46 - Cache[hibernate.test.org.hibernate.test.naturalid.immutableentity.Building##NaturalId] lookup : key[org.hibernate.test.naturalid.immutableentity.Building##NaturalId[1210 W. Dayton St., Madison, WI]]
16:55:39,831 DEBUG AbstractReadWriteAccessStrategy:46 - miss key[org.hibernate.test.naturalid.immutableentity.Building##NaturalId[1210 W. Dayton St., Madison, WI]] in region[hibernate.test.org.hibernate.test.naturalid.immutableentity.Building##NaturalId]
16:55:39,832 DEBUG SQL:104 - select building_.id as id2077_ from Building building_ where building_.address=? and building_.city=? and building_.state=?
16:55:39,832 DEBUG AbstractReadWriteAccessStrategy:34 - getting key[org.hibernate.test.naturalid.immutableentity.Building##NaturalId[1210 W. Dayton St., Madison, WI]] from region[hibernate.test.org.hibernate.test.naturalid.immutableentity.Building##NaturalId]
16:55:39,832 DEBUG BaseGeneralDataRegion:46 - Cache[hibernate.test.org.hibernate.test.naturalid.immutableentity.Building##NaturalId] lookup : key[org.hibernate.test.naturalid.immutableentity.Building##NaturalId[1210 W. Dayton St., Madison, WI]]
16:55:39,833 DEBUG AbstractReadWriteAccessStrategy:46 - miss key[org.hibernate.test.naturalid.immutableentity.Building##NaturalId[1210 W. Dayton St., Madison, WI]] in region[hibernate.test.org.hibernate.test.naturalid.immutableentity.Building##NaturalId]
16:55:39,833 DEBUG AbstractReadWriteAccessStrategy:68 - putting key[org.hibernate.test.naturalid.immutableentity.Building##NaturalId[1210 W. Dayton St., Madison, WI]] -> value[1] into region[hibernate.test.org.hibernate.test.naturalid.immutableentity.Building##NaturalId]
16:55:39,833 DEBUG BaseGeneralDataRegion:46 - Cache[hibernate.test.org.hibernate.test.naturalid.immutableentity.Building##NaturalId] lookup : key[org.hibernate.test.naturalid.immutableentity.Building##NaturalId[1210 W. Dayton St., Madison, WI]]
16:55:39,833 DEBUG AbstractReadWriteAccessStrategy:73 - putting key[org.hibernate.test.naturalid.immutableentity.Building##NaturalId[1210 W. Dayton St., Madison, WI]] -> value[1] into region[hibernate.test.org.hibernate.test.naturalid.immutableentity.Building##NaturalId] success
16:55:39,833 DEBUG BaseGeneralDataRegion:59 - Caching[hibernate.test.org.hibernate.test.naturalid.immutableentity.Building##NaturalId] : [org.hibernate.test.naturalid.immutableentity.Building##NaturalId[1210 W. Dayton St., Madison, WI]] -> [org.hibernate.testing.cache.AbstractReadWriteAccessStrategy$Item@7815c9a9]
16:55:39,833 DEBUG SQL:104 - select building0_.id as id2077_0_, building0_.address as address2077_0_, building0_.city as city2077_0_, building0_.name as name2077_0_, building0_.state as state2077_0_ from Building building0_ where building0_.id=?
16:55:39,836 DEBUG AbstractReadWriteAccessStrategy:34 - getting key[org.hibernate.test.naturalid.immutableentity.Building##NaturalId[1210 W. Dayton St., Madison, WI]] from region[hibernate.test.org.hibernate.test.naturalid.immutableentity.Building##NaturalId]
16:55:39,836 DEBUG BaseGeneralDataRegion:46 - Cache[hibernate.test.org.hibernate.test.naturalid.immutableentity.Building##NaturalId] lookup : key[org.hibernate.test.naturalid.immutableentity.Building##NaturalId[1210 W. Dayton St., Madison, WI]]
16:55:39,836 DEBUG BaseGeneralDataRegion:52 - Cache[hibernate.test.org.hibernate.test.naturalid.immutableentity.Building##NaturalId] hit: org.hibernate.test.naturalid.immutableentity.Building##NaturalId[1210 W. Dayton St., Madison, WI]
16:55:39,836 DEBUG AbstractReadWriteAccessStrategy:41 - hit key[org.hibernate.test.naturalid.immutableentity.Building##NaturalId[1210 W. Dayton St., Madison, WI]] in region[hibernate.test.org.hibernate.test.naturalid.immutableentity.Building##NaturalId]
16:55:39,836 DEBUG SQL:104 - select building0_.id as id2077_0_, building0_.address as address2077_0_, building0_.city as city2077_0_, building0_.name as name2077_0_, building0_.state as state2077_0_ from Building building0_ where building0_.id=?
16:55:39,837 DEBUG BaseGeneralDataRegion:69 - Evicting[hibernate.test.org.hibernate.test.naturalid.immutableentity.Building##NaturalId]: org.hibernate.test.naturalid.immutableentity.Building##NaturalId[1210 W. Dayton St., Madison, WI]
16:55:39,837 DEBUG AbstractReadWriteAccessStrategy:34 - getting key[org.hibernate.test.naturalid.immutableentity.Building##NaturalId[1210 W. Dayton St., Madison, WI]] from region[hibernate.test.org.hibernate.test.naturalid.immutableentity.Building##NaturalId]
16:55:39,837 DEBUG BaseGeneralDataRegion:46 - Cache[hibernate.test.org.hibernate.test.naturalid.immutableentity.Building##NaturalId] lookup : key[org.hibernate.test.naturalid.immutableentity.Building##NaturalId[1210 W. Dayton St., Madison, WI]]
16:55:39,837 DEBUG AbstractReadWriteAccessStrategy:46 - miss key[org.hibernate.test.naturalid.immutableentity.Building##NaturalId[1210 W. Dayton St., Madison, WI]] in region[hibernate.test.org.hibernate.test.naturalid.immutableentity.Building##NaturalId]
16:55:39,837 DEBUG SQL:104 - select building_.id as id2077_ from Building building_ where building_.address=? and building_.city=? and building_.state=?
16:55:39,837 DEBUG AbstractReadWriteAccessStrategy:34 - getting key[org.hibernate.test.naturalid.immutableentity.Building##NaturalId[1210 W. Dayton St., Madison, WI]] from region[hibernate.test.org.hibernate.test.naturalid.immutableentity.Building##NaturalId]
16:55:39,838 DEBUG BaseGeneralDataRegion:46 - Cache[hibernate.test.org.hibernate.test.naturalid.immutableentity.Building##NaturalId] lookup : key[org.hibernate.test.naturalid.immutableentity.Building##NaturalId[1210 W. Dayton St., Madison, WI]]
16:55:39,838 DEBUG AbstractReadWriteAccessStrategy:46 - miss key[org.hibernate.test.naturalid.immutableentity.Building##NaturalId[1210 W. Dayton St., Madison, WI]] in region[hibernate.test.org.hibernate.test.naturalid.immutableentity.Building##NaturalId]
16:55:39,838 DEBUG AbstractReadWriteAccessStrategy:68 - putting key[org.hibernate.test.naturalid.immutableentity.Building##NaturalId[1210 W. Dayton St., Madison, WI]] -> value[1] into region[hibernate.test.org.hibernate.test.naturalid.immutableentity.Building##NaturalId]
16:55:39,838 DEBUG BaseGeneralDataRegion:46 - Cache[hibernate.test.org.hibernate.test.naturalid.immutableentity.Building##NaturalId] lookup : key[org.hibernate.test.naturalid.immutableentity.Building##NaturalId[1210 W. Dayton St., Madison, WI]]
16:55:39,838 DEBUG AbstractReadWriteAccessStrategy:73 - putting key[org.hibernate.test.naturalid.immutableentity.Building##NaturalId[1210 W. Dayton St., Madison, WI]] -> value[1] into region[hibernate.test.org.hibernate.test.naturalid.immutableentity.Building##NaturalId] success
16:55:39,838 DEBUG BaseGeneralDataRegion:59 - Caching[hibernate.test.org.hibernate.test.naturalid.immutableentity.Building##NaturalId] : [org.hibernate.test.naturalid.immutableentity.Building##NaturalId[1210 W. Dayton St., Madison, WI]] -> [org.hibernate.testing.cache.AbstractReadWriteAccessStrategy$Item@7bf84b74]
16:55:39,838 DEBUG SQL:104 - delete from Building where id=?
16:55:39,839 DEBUG BaseGeneralDataRegion:69 - Evicting[hibernate.test.org.hibernate.test.naturalid.immutableentity.Building##NaturalId]: org.hibernate.test.naturalid.immutableentity.Building##NaturalId[1210 W. Dayton St., Madison, WI]
16:55:39,839 DEBUG BaseGeneralDataRegion:59 - Caching[hibernate.test.org.hibernate.cache.spi.UpdateTimestampsCache] : [Building] -> [5551776562540544]
16:55:39,839 DEBUG BaseGeneralDataRegion:59 - Caching[hibernate.test.org.hibernate.cache.spi.UpdateTimestampsCache] : [Building] -> [5551776316780545]
16:55:39,839 DEBUG AbstractReadWriteAccessStrategy:34 - getting key[org.hibernate.test.naturalid.immutableentity.Building##NaturalId[1210 W. Dayton St., Madison, WI]] from region[hibernate.test.org.hibernate.test.naturalid.immutableentity.Building##NaturalId]
16:55:39,839 DEBUG BaseGeneralDataRegion:46 - Cache[hibernate.test.org.hibernate.test.naturalid.immutableentity.Building##NaturalId] lookup : key[org.hibernate.test.naturalid.immutableentity.Building##NaturalId[1210 W. Dayton St., Madison, WI]]
16:55:39,839 DEBUG AbstractReadWriteAccessStrategy:46 - miss key[org.hibernate.test.naturalid.immutableentity.Building##NaturalId[1210 W. Dayton St., Madison, WI]] in region[hibernate.test.org.hibernate.test.naturalid.immutableentity.Building##NaturalId]
16:55:39,840 DEBUG SQL:104 - select building_.id as id2077_ from Building building_ where building_.address=? and building_.city=? and building_.state=?
16:55:39,840 DEBUG SQL:104 - call next value for hibernate_sequence
16:55:39,841 DEBUG SQL:104 - insert into Building (address, city, name, state, id) values (?, ?, ?, ?, ?)
16:55:39,841 DEBUG BaseGeneralDataRegion:59 - Caching[hibernate.test.org.hibernate.cache.spi.UpdateTimestampsCache] : [Building] -> [5551776562548736]
16:55:39,841 DEBUG BaseGeneralDataRegion:46 - Cache[hibernate.test.org.hibernate.test.naturalid.immutableentity.Building##NaturalId] lookup : key[org.hibernate.test.naturalid.immutableentity.Building##NaturalId[1210 W. Dayton St., Madison, WI]]
16:55:39,841 DEBUG BaseGeneralDataRegion:59 - Caching[hibernate.test.org.hibernate.test.naturalid.immutableentity.Building##NaturalId] : [org.hibernate.test.naturalid.immutableentity.Building##NaturalId[1210 W. Dayton St., Madison, WI]] -> [org.hibernate.testing.cache.AbstractReadWriteAccessStrategy$Item@61dfdfbf]
16:55:39,842 DEBUG BaseGeneralDataRegion:59 - Caching[hibernate.test.org.hibernate.cache.spi.UpdateTimestampsCache] : [Building] -> [5551776316792832]
16:55:39,842 DEBUG AbstractReadWriteAccessStrategy:34 - getting key[org.hibernate.test.naturalid.immutableentity.Building##NaturalId[1210 W. Dayton St., Madison, WI]] from region[hibernate.test.org.hibernate.test.naturalid.immutableentity.Building##NaturalId]
16:55:39,842 DEBUG BaseGeneralDataRegion:46 - Cache[hibernate.test.org.hibernate.test.naturalid.immutableentity.Building##NaturalId] lookup : key[org.hibernate.test.naturalid.immutableentity.Building##NaturalId[1210 W. Dayton St., Madison, WI]]
16:55:39,842 DEBUG BaseGeneralDataRegion:52 - Cache[hibernate.test.org.hibernate.test.naturalid.immutableentity.Building##NaturalId] hit: org.hibernate.test.naturalid.immutableentity.Building##NaturalId[1210 W. Dayton St., Madison, WI]
16:55:39,842 DEBUG AbstractReadWriteAccessStrategy:41 - hit key[org.hibernate.test.naturalid.immutableentity.Building##NaturalId[1210 W. Dayton St., Madison, WI]] in region[hibernate.test.org.hibernate.test.naturalid.immutableentity.Building##NaturalId]
16:55:39,842 DEBUG SQL:104 - select building0_.id as id2077_0_, building0_.address as address2077_0_, building0_.city as city2077_0_, building0_.name as name2077_0_, building0_.state as state2077_0_ from Building building0_ where building0_.id=?
16:55:39,843 DEBUG BaseGeneralDataRegion:69 - Evicting[hibernate.test.org.hibernate.test.naturalid.immutableentity.Building##NaturalId]: org.hibernate.test.naturalid.immutableentity.Building##NaturalId[1210 W. Dayton St., Madison, WI]
16:55:39,843 DEBUG AbstractReadWriteAccessStrategy:34 - getting key[org.hibernate.test.naturalid.immutableentity.Building##NaturalId[1210 W. Dayton St., Madison, WI]] from region[hibernate.test.org.hibernate.test.naturalid.immutableentity.Building##NaturalId]
16:55:39,843 DEBUG BaseGeneralDataRegion:46 - Cache[hibernate.test.org.hibernate.test.naturalid.immutableentity.Building##NaturalId] lookup : key[org.hibernate.test.naturalid.immutableentity.Building##NaturalId[1210 W. Dayton St., Madison, WI]]
16:55:39,843 DEBUG AbstractReadWriteAccessStrategy:46 - miss key[org.hibernate.test.naturalid.immutableentity.Building##NaturalId[1210 W. Dayton St., Madison, WI]] in region[hibernate.test.org.hibernate.test.naturalid.immutableentity.Building##NaturalId]
16:55:39,843 DEBUG SQL:104 - select building_.id as id2077_ from Building building_ where building_.address=? and building_.city=? and building_.state=?
16:55:39,844 DEBUG AbstractReadWriteAccessStrategy:34 - getting key[org.hibernate.test.naturalid.immutableentity.Building##NaturalId[1210 W. Dayton St., Madison, WI]] from region[hibernate.test.org.hibernate.test.naturalid.immutableentity.Building##NaturalId]
16:55:39,844 DEBUG BaseGeneralDataRegion:46 - Cache[hibernate.test.org.hibernate.test.naturalid.immutableentity.Building##NaturalId] lookup : key[org.hibernate.test.naturalid.immutableentity.Building##NaturalId[1210 W. Dayton St., Madison, WI]]
16:55:39,844 DEBUG AbstractReadWriteAccessStrategy:46 - miss key[org.hibernate.test.naturalid.immutableentity.Building##NaturalId[1210 W. Dayton St., Madison, WI]] in region[hibernate.test.org.hibernate.test.naturalid.immutableentity.Building##NaturalId]
16:55:39,844 DEBUG AbstractReadWriteAccessStrategy:68 - putting key[org.hibernate.test.naturalid.immutableentity.Building##NaturalId[1210 W. Dayton St., Madison, WI]] -> value[2] into region[hibernate.test.org.hibernate.test.naturalid.immutableentity.Building##NaturalId]
16:55:39,844 DEBUG BaseGeneralDataRegion:46 - Cache[hibernate.test.org.hibernate.test.naturalid.immutableentity.Building##NaturalId] lookup : key[org.hibernate.test.naturalid.immutableentity.Building##NaturalId[1210 W. Dayton St., Madison, WI]]
16:55:39,844 DEBUG AbstractReadWriteAccessStrategy:73 - putting key[org.hibernate.test.naturalid.immutableentity.Building##NaturalId[1210 W. Dayton St., Madison, WI]] -> value[2] into region[hibernate.test.org.hibernate.test.naturalid.immutableentity.Building##NaturalId] success
16:55:39,844 DEBUG BaseGeneralDataRegion:59 - Caching[hibernate.test.org.hibernate.test.naturalid.immutableentity.Building##NaturalId] : [org.hibernate.test.naturalid.immutableentity.Building##NaturalId[1210 W. Dayton St., Madison, WI]] -> [org.hibernate.testing.cache.AbstractReadWriteAccessStrategy$Item@7850782e]
16:55:39,845  INFO SchemaExport:343 - HHH000227: Running hbm2ddl schema export
16:55:39,845 DEBUG SchemaExport:353 - Import file not found: /import.sql
16:55:39,845 DEBUG SQL:104 - drop table Building if exists
16:55:39,846 DEBUG SQL:104 - drop sequence hibernate_sequence
16:55:39,846  INFO SchemaExport:405 - HHH000230: Schema export complete
16:55:39,846  INFO DriverManagerConnectionProviderImpl:158 - HHH000030: Cleaning up connection pool [jdbc:h2:mem:db1;DB_CLOSE_DELAY=-1;MVCC=TRUE]
16:55:39,847  INFO DriverManagerConnectionProviderImpl:97 - HHH000402: Using Hibernate built-in connection pool (not for production use!)
16:55:39,848  INFO DriverManagerConnectionProviderImpl:131 - HHH000115: Hibernate connection pool size: 5
16:55:39,848  INFO DriverManagerConnectionProviderImpl:134 - HHH000006: Autocommit mode: false
16:55:39,848  INFO DriverManagerConnectionProviderImpl:149 - HHH000401: using driver [org.h2.Driver] at URL [jdbc:h2:mem:db1;DB_CLOSE_DELAY=-1;MVCC=TRUE]
16:55:39,848  INFO DriverManagerConnectionProviderImpl:154 - HHH000046: Connection properties: {user=sa}
16:55:39,849  INFO Dialect:123 - HHH000400: Using dialect: org.hibernate.dialect.H2Dialect
16:55:39,849  INFO LobCreatorBuilder:94 - HHH000423: Disabling contextual LOB creation as JDBC driver reported JDBC version [3] less than 4
16:55:39,850  INFO TransactionFactoryInitiator:66 - HHH000399: Using default transaction strategy (direct JDBC transactions)
16:55:39,850  INFO ASTQueryTranslatorFactory:48 - HHH000397: Using ASTQueryTranslatorFactory
16:55:39,850  WARN CachingRegionFactory:58 - CachingRegionFactory should be only used for testing.
16:55:39,850  INFO UpdateTimestampsCache:61 - HHH000250: Starting update timestamps cache at region: hibernate.test.org.hibernate.cache.spi.UpdateTimestampsCache
16:55:39,850  INFO StandardQueryCache:85 - HHH000248: Starting query cache at region: hibernate.test.org.hibernate.cache.internal.StandardQueryCache
16:55:39,851  WARN TypeFactory:69 - HHH000233: Scoping types to session factory org.hibernate.internal.SessionFactoryImpl@76073934 after already scoped org.hibernate.internal.SessionFactoryImpl@543cc175
16:55:39,853  INFO SchemaExport:343 - HHH000227: Running hbm2ddl schema export
16:55:39,854 DEBUG SchemaExport:353 - Import file not found: /import.sql
16:55:39,854 DEBUG SQL:104 - drop table Building if exists
16:55:39,854 DEBUG SQL:104 - drop sequence hibernate_sequence
16:55:39,855 ERROR SchemaExport:425 - HHH000389: Unsuccessful: drop sequence hibernate_sequence
16:55:39,855 ERROR SchemaExport:426 - Sequence "HIBERNATE_SEQUENCE" not found; SQL statement:
drop sequence hibernate_sequence [90036-145]
16:55:39,855 DEBUG SQL:104 - create table Building (id integer not null, address varchar(255), city varchar(255), name varchar(255), state varchar(255), primary key (id), unique (address, city, state))
16:55:39,856 DEBUG SQL:104 - create sequence hibernate_sequence start with 1 increment by 1
16:55:39,856  INFO SchemaExport:405 - HHH000230: Schema export complete
16:55:39,857  INFO SchemaExport:343 - HHH000227: Running hbm2ddl schema export
16:55:39,858 DEBUG SchemaExport:353 - Import file not found: /import.sql
16:55:39,858 DEBUG SQL:104 - drop table Building if exists
16:55:39,858 DEBUG SQL:104 - drop sequence hibernate_sequence
16:55:39,859  INFO SchemaExport:405 - HHH000230: Schema export complete
16:55:39,859  INFO DriverManagerConnectionProviderImpl:158 - HHH000030: Cleaning up connection pool [jdbc:h2:mem:db1;DB_CLOSE_DELAY=-1;MVCC=TRUE]
]]></system-out>
  <system-err><![CDATA[]]></system-err>
</testsuite>
