<?xml version="1.0" encoding="UTF-8"?>
<testsuite errors="0" failures="1" hostname="book" name="org.hibernate.test.jpa.proxy.JPAProxyTest" tests="2" time="0.088" timestamp="2012-12-13T15:55:27">
  <properties />
  <testcase classname="org.hibernate.test.jpa.proxy.JPAProxyTest" name="testEjb3ProxyUsage" time="0.0030" />
  <testcase classname="org.hibernate.test.jpa.proxy.JPAProxyTest" name="testGetSemantics" time="0.031">
    <failure message="java.lang.AssertionError: unexpected exception type on non-existent entity force load : java.lang.AssertionError: force load did not fail on non-existent entity" type="java.lang.AssertionError">java.lang.AssertionError: unexpected exception type on non-existent entity force load : java.lang.AssertionError: force load did not fail on non-existent entity
	at org.junit.Assert.fail(Assert.java:93)
	at org.hibernate.test.jpa.proxy.JPAProxyTest.testGetSemantics(JPAProxyTest.java:116)
	at sun.reflect.NativeMethodAccessorImpl.invoke0(Native Method)
	at sun.reflect.NativeMethodAccessorImpl.invoke(NativeMethodAccessorImpl.java:39)
	at sun.reflect.DelegatingMethodAccessorImpl.invoke(DelegatingMethodAccessorImpl.java:25)
	at java.lang.reflect.Method.invoke(Method.java:597)
	at org.junit.runners.model.FrameworkMethod$1.runReflectiveCall(FrameworkMethod.java:45)
	at org.junit.internal.runners.model.ReflectiveCallable.run(ReflectiveCallable.java:15)
	at org.junit.runners.model.FrameworkMethod.invokeExplosively(FrameworkMethod.java:42)
	at org.hibernate.testing.junit4.ExtendedFrameworkMethod.invokeExplosively(ExtendedFrameworkMethod.java:63)
	at org.junit.internal.runners.statements.InvokeMethod.evaluate(InvokeMethod.java:20)
	at org.junit.internal.runners.statements.RunBefores.evaluate(RunBefores.java:28)
	at org.junit.internal.runners.statements.RunAfters.evaluate(RunAfters.java:30)
	at org.junit.internal.runners.statements.FailOnTimeout$StatementThread.run(FailOnTimeout.java:62)
</failure>
  </testcase>
  <system-out><![CDATA[16:55:27,337  INFO Configuration:703 - HHH000221: Reading mappings from resource: org/hibernate/test/jpa/Part.hbm.xml
16:55:27,343  INFO Configuration:703 - HHH000221: Reading mappings from resource: org/hibernate/test/jpa/Item.hbm.xml
16:55:27,348  INFO Configuration:703 - HHH000221: Reading mappings from resource: org/hibernate/test/jpa/MyEntity.hbm.xml
16:55:27,356  INFO DriverManagerConnectionProviderImpl:97 - HHH000402: Using Hibernate built-in connection pool (not for production use!)
16:55:27,356  INFO DriverManagerConnectionProviderImpl:131 - HHH000115: Hibernate connection pool size: 5
16:55:27,357  INFO DriverManagerConnectionProviderImpl:134 - HHH000006: Autocommit mode: false
16:55:27,357  INFO DriverManagerConnectionProviderImpl:149 - HHH000401: using driver [org.h2.Driver] at URL [jdbc:h2:mem:db1;DB_CLOSE_DELAY=-1;MVCC=TRUE]
16:55:27,357  INFO DriverManagerConnectionProviderImpl:154 - HHH000046: Connection properties: {user=sa}
16:55:27,359  INFO Dialect:123 - HHH000400: Using dialect: org.hibernate.dialect.H2Dialect
16:55:27,359  INFO LobCreatorBuilder:94 - HHH000423: Disabling contextual LOB creation as JDBC driver reported JDBC version [3] less than 4
16:55:27,360  INFO TransactionFactoryInitiator:66 - HHH000399: Using default transaction strategy (direct JDBC transactions)
16:55:27,360  INFO ASTQueryTranslatorFactory:48 - HHH000397: Using ASTQueryTranslatorFactory
16:55:27,370  INFO SchemaExport:343 - HHH000227: Running hbm2ddl schema export
16:55:27,371 DEBUG SchemaExport:353 - Import file not found: /import.sql
16:55:27,371 DEBUG SQL:104 - alter table EJB3_PART drop constraint FKFD4B66FC2A89F363
16:55:27,372 ERROR SchemaExport:425 - HHH000389: Unsuccessful: alter table EJB3_PART drop constraint FKFD4B66FC2A89F363
16:55:27,372 ERROR SchemaExport:426 - Table "EJB3_PART" not found; SQL statement:
alter table EJB3_PART drop constraint FKFD4B66FC2A89F363 [42102-145]
16:55:27,372 DEBUG SQL:104 - alter table JPA_MYENTITY drop constraint FKE9D28493C4B8BDC8
16:55:27,373 ERROR SchemaExport:425 - HHH000389: Unsuccessful: alter table JPA_MYENTITY drop constraint FKE9D28493C4B8BDC8
16:55:27,373 ERROR SchemaExport:426 - Table "JPA_MYENTITY" not found; SQL statement:
alter table JPA_MYENTITY drop constraint FKE9D28493C4B8BDC8 [42102-145]
16:55:27,373 DEBUG SQL:104 - drop table EJB3_ITEM if exists
16:55:27,373 DEBUG SQL:104 - drop table EJB3_PART if exists
16:55:27,373 DEBUG SQL:104 - drop table JPA_MYENTITY if exists
16:55:27,374 DEBUG SQL:104 - create table EJB3_ITEM (ITEM_ID bigint not null, VERS bigint not null, NAME varchar(255) not null, primary key (ITEM_ID))
16:55:27,374 DEBUG SQL:104 - create table EJB3_PART (PART_ID bigint not null, ITEM_ID bigint not null, NAME varchar(255) not null, STOCK_NUM varchar(255) not null, UNIT_PRICE decimal(19,2) not null, primary key (PART_ID))
16:55:27,375 DEBUG SQL:104 - create table JPA_MYENTITY (ID bigint not null, "TYPE" varchar(255) not null, name varchar(255), other bigint, someSubProperty varchar(255), primary key (ID))
16:55:27,375 DEBUG SQL:104 - alter table EJB3_PART add constraint FKFD4B66FC2A89F363 foreign key (ITEM_ID) references EJB3_ITEM
16:55:27,376 DEBUG SQL:104 - alter table JPA_MYENTITY add constraint FKE9D28493C4B8BDC8 foreign key (other) references JPA_MYENTITY
16:55:27,377  INFO SchemaExport:405 - HHH000230: Schema export complete
16:55:27,378 DEBUG SQL:104 - select item0_.ITEM_ID as ITEM1_1709_0_, item0_.VERS as VERS1709_0_, item0_.NAME as NAME1709_0_ from EJB3_ITEM item0_ where item0_.ITEM_ID=?
16:55:27,379 DEBUG SQL:104 - select item0_.ITEM_ID as ITEM1_1709_0_, item0_.VERS as VERS1709_0_, item0_.NAME as NAME1709_0_ from EJB3_ITEM item0_ where item0_.ITEM_ID=?
16:55:27,381 DEBUG SQL:104 - select item0_.ITEM_ID as ITEM1_1709_0_, item0_.VERS as VERS1709_0_, item0_.NAME as NAME1709_0_ from EJB3_ITEM item0_ where item0_.ITEM_ID=?
16:55:27,382 DEBUG SQL:104 - select item0_.ITEM_ID as ITEM1_1709_0_, item0_.VERS as VERS1709_0_, item0_.NAME as NAME1709_0_ from EJB3_ITEM item0_ where item0_.ITEM_ID=?
16:55:27,383  INFO SchemaExport:343 - HHH000227: Running hbm2ddl schema export
16:55:27,384 DEBUG SchemaExport:353 - Import file not found: /import.sql
16:55:27,384 DEBUG SQL:104 - alter table EJB3_PART drop constraint FKFD4B66FC2A89F363
16:55:27,384 DEBUG SQL:104 - alter table JPA_MYENTITY drop constraint FKE9D28493C4B8BDC8
16:55:27,385 DEBUG SQL:104 - drop table EJB3_ITEM if exists
16:55:27,385 DEBUG SQL:104 - drop table EJB3_PART if exists
16:55:27,385 DEBUG SQL:104 - drop table JPA_MYENTITY if exists
16:55:27,386  INFO SchemaExport:405 - HHH000230: Schema export complete
16:55:27,386  INFO DriverManagerConnectionProviderImpl:158 - HHH000030: Cleaning up connection pool [jdbc:h2:mem:db1;DB_CLOSE_DELAY=-1;MVCC=TRUE]
16:55:27,388  INFO DriverManagerConnectionProviderImpl:97 - HHH000402: Using Hibernate built-in connection pool (not for production use!)
16:55:27,388  INFO DriverManagerConnectionProviderImpl:131 - HHH000115: Hibernate connection pool size: 5
16:55:27,388  INFO DriverManagerConnectionProviderImpl:134 - HHH000006: Autocommit mode: false
16:55:27,389  INFO DriverManagerConnectionProviderImpl:149 - HHH000401: using driver [org.h2.Driver] at URL [jdbc:h2:mem:db1;DB_CLOSE_DELAY=-1;MVCC=TRUE]
16:55:27,389  INFO DriverManagerConnectionProviderImpl:154 - HHH000046: Connection properties: {user=sa}
16:55:27,390  INFO Dialect:123 - HHH000400: Using dialect: org.hibernate.dialect.H2Dialect
16:55:27,391  INFO LobCreatorBuilder:94 - HHH000423: Disabling contextual LOB creation as JDBC driver reported JDBC version [3] less than 4
16:55:27,391  INFO TransactionFactoryInitiator:66 - HHH000399: Using default transaction strategy (direct JDBC transactions)
16:55:27,392  INFO ASTQueryTranslatorFactory:48 - HHH000397: Using ASTQueryTranslatorFactory
16:55:27,392  WARN TypeFactory:69 - HHH000233: Scoping types to session factory org.hibernate.internal.SessionFactoryImpl@5f10a760 after already scoped org.hibernate.internal.SessionFactoryImpl@3e5cc062
16:55:27,402  INFO SchemaExport:343 - HHH000227: Running hbm2ddl schema export
16:55:27,402 DEBUG SchemaExport:353 - Import file not found: /import.sql
16:55:27,403 DEBUG SQL:104 - alter table EJB3_PART drop constraint FKFD4B66FC2A89F363
16:55:27,403 ERROR SchemaExport:425 - HHH000389: Unsuccessful: alter table EJB3_PART drop constraint FKFD4B66FC2A89F363
16:55:27,403 ERROR SchemaExport:426 - Table "EJB3_PART" not found; SQL statement:
alter table EJB3_PART drop constraint FKFD4B66FC2A89F363 [42102-145]
16:55:27,404 DEBUG SQL:104 - alter table JPA_MYENTITY drop constraint FKE9D28493C4B8BDC8
16:55:27,404 ERROR SchemaExport:425 - HHH000389: Unsuccessful: alter table JPA_MYENTITY drop constraint FKE9D28493C4B8BDC8
16:55:27,404 ERROR SchemaExport:426 - Table "JPA_MYENTITY" not found; SQL statement:
alter table JPA_MYENTITY drop constraint FKE9D28493C4B8BDC8 [42102-145]
16:55:27,404 DEBUG SQL:104 - drop table EJB3_ITEM if exists
16:55:27,405 DEBUG SQL:104 - drop table EJB3_PART if exists
16:55:27,405 DEBUG SQL:104 - drop table JPA_MYENTITY if exists
16:55:27,405 DEBUG SQL:104 - create table EJB3_ITEM (ITEM_ID bigint not null, VERS bigint not null, NAME varchar(255) not null, primary key (ITEM_ID))
16:55:27,406 DEBUG SQL:104 - create table EJB3_PART (PART_ID bigint not null, ITEM_ID bigint not null, NAME varchar(255) not null, STOCK_NUM varchar(255) not null, UNIT_PRICE decimal(19,2) not null, primary key (PART_ID))
16:55:27,406 DEBUG SQL:104 - create table JPA_MYENTITY (ID bigint not null, "TYPE" varchar(255) not null, name varchar(255), other bigint, someSubProperty varchar(255), primary key (ID))
16:55:27,407 DEBUG SQL:104 - alter table EJB3_PART add constraint FKFD4B66FC2A89F363 foreign key (ITEM_ID) references EJB3_ITEM
16:55:27,408 DEBUG SQL:104 - alter table JPA_MYENTITY add constraint FKE9D28493C4B8BDC8 foreign key (other) references JPA_MYENTITY
16:55:27,408  INFO SchemaExport:405 - HHH000230: Schema export complete
16:55:27,420  INFO SchemaExport:343 - HHH000227: Running hbm2ddl schema export
16:55:27,421 DEBUG SchemaExport:353 - Import file not found: /import.sql
16:55:27,421 DEBUG SQL:104 - alter table EJB3_PART drop constraint FKFD4B66FC2A89F363
16:55:27,421 DEBUG SQL:104 - alter table JPA_MYENTITY drop constraint FKE9D28493C4B8BDC8
16:55:27,422 DEBUG SQL:104 - drop table EJB3_ITEM if exists
16:55:27,422 DEBUG SQL:104 - drop table EJB3_PART if exists
16:55:27,422 DEBUG SQL:104 - drop table JPA_MYENTITY if exists
16:55:27,423  INFO SchemaExport:405 - HHH000230: Schema export complete
16:55:27,423  INFO DriverManagerConnectionProviderImpl:158 - HHH000030: Cleaning up connection pool [jdbc:h2:mem:db1;DB_CLOSE_DELAY=-1;MVCC=TRUE]
]]></system-out>
  <system-err><![CDATA[]]></system-err>
</testsuite>
