<?xml version="1.0" encoding="UTF-8"?><testsuite name="org.hibernate.test.annotations.cid.CompositeIdTest" tests="1" skipped="0" failures="1" errors="0" timestamp="2020-03-24T11:22:00" hostname="rhel7-medium-8259" time="0.0">
  <properties/>
  <testcase name="classMethod" classname="org.hibernate.test.annotations.cid.CompositeIdTest" time="0.0">
    <failure message="org.hibernate.testing.junit4.CallbackException: org.hibernate.testing.junit4.BaseCoreFunctionalTestCase#buildSessionFactory" type="org.hibernate.testing.junit4.CallbackException">org.hibernate.testing.junit4.CallbackException: org.hibernate.testing.junit4.BaseCoreFunctionalTestCase#buildSessionFactory
	at org.hibernate.testing.junit4.TestClassMetadata.performCallbackInvocation(TestClassMetadata.java:208)
	at org.hibernate.testing.junit4.TestClassMetadata.invokeCallback(TestClassMetadata.java:192)
	at org.hibernate.testing.junit4.TestClassMetadata.performCallbacks(TestClassMetadata.java:184)
	at org.hibernate.testing.junit4.TestClassMetadata.performBeforeClassCallbacks(TestClassMetadata.java:175)
	at org.hibernate.testing.junit4.BeforeClassCallbackHandler.evaluate(BeforeClassCallbackHandler.java:25)
	at org.hibernate.testing.junit4.AfterClassCallbackHandler.evaluate(AfterClassCallbackHandler.java:25)
	at org.junit.runners.ParentRunner.run(ParentRunner.java:363)
	at org.gradle.api.internal.tasks.testing.junit.JUnitTestClassExecutor.runTestClass(JUnitTestClassExecutor.java:106)
	at org.gradle.api.internal.tasks.testing.junit.JUnitTestClassExecutor.execute(JUnitTestClassExecutor.java:58)
	at org.gradle.api.internal.tasks.testing.junit.JUnitTestClassExecutor.execute(JUnitTestClassExecutor.java:38)
	at org.gradle.api.internal.tasks.testing.junit.AbstractJUnitTestClassProcessor.processTestClass(AbstractJUnitTestClassProcessor.java:66)
	at org.gradle.api.internal.tasks.testing.SuiteTestClassProcessor.processTestClass(SuiteTestClassProcessor.java:51)
	at sun.reflect.GeneratedMethodAccessor42.invoke(Unknown Source)
	at sun.reflect.DelegatingMethodAccessorImpl.invoke(DelegatingMethodAccessorImpl.java:55)
	at java.lang.reflect.Method.invoke(Method.java:508)
	at org.gradle.internal.dispatch.ReflectionDispatch.dispatch(ReflectionDispatch.java:35)
	at org.gradle.internal.dispatch.ReflectionDispatch.dispatch(ReflectionDispatch.java:24)
	at org.gradle.internal.dispatch.ContextClassLoaderDispatch.dispatch(ContextClassLoaderDispatch.java:32)
	at org.gradle.internal.dispatch.ProxyDispatchAdapter$DispatchingInvocationHandler.invoke(ProxyDispatchAdapter.java:93)
	at com.sun.proxy.$Proxy2.processTestClass(Unknown Source)
	at org.gradle.api.internal.tasks.testing.worker.TestWorker.processTestClass(TestWorker.java:117)
	at sun.reflect.GeneratedMethodAccessor41.invoke(Unknown Source)
	at sun.reflect.DelegatingMethodAccessorImpl.invoke(DelegatingMethodAccessorImpl.java:55)
	at java.lang.reflect.Method.invoke(Method.java:508)
	at org.gradle.internal.dispatch.ReflectionDispatch.dispatch(ReflectionDispatch.java:35)
	at org.gradle.internal.dispatch.ReflectionDispatch.dispatch(ReflectionDispatch.java:24)
	at org.gradle.internal.remote.internal.hub.MessageHubBackedObjectConnection$DispatchWrapper.dispatch(MessageHubBackedObjectConnection.java:155)
	at org.gradle.internal.remote.internal.hub.MessageHubBackedObjectConnection$DispatchWrapper.dispatch(MessageHubBackedObjectConnection.java:137)
	at org.gradle.internal.remote.internal.hub.MessageHub$Handler.run(MessageHub.java:404)
	at org.gradle.internal.concurrent.ExecutorPolicy$CatchAndRecordFailures.onExecute(ExecutorPolicy.java:63)
	at org.gradle.internal.concurrent.ManagedExecutorImpl$1.run(ManagedExecutorImpl.java:46)
	at java.util.concurrent.ThreadPoolExecutor.runWorker(ThreadPoolExecutor.java:1160)
	at java.util.concurrent.ThreadPoolExecutor$Worker.run(ThreadPoolExecutor.java:635)
	at org.gradle.internal.concurrent.ThreadFactoryImpl$ManagedThreadRunnable.run(ThreadFactoryImpl.java:55)
	at java.lang.Thread.run(Thread.java:820)
Caused by: java.lang.annotation.AnnotationFormatError: java.lang.IllegalArgumentException: Wrong type at constant pool index
	at sun.reflect.annotation.AnnotationParser.parseAnnotations(AnnotationParser.java:89)
	at java.lang.reflect.AccessibleObject.getAnnotationsFromCache(AccessibleObject.java:313)
	at java.lang.reflect.Executable.declaredAnnotations(Executable.java:606)
	at java.lang.reflect.Executable.getAnnotation(Executable.java:581)
	at java.lang.reflect.Method.getAnnotation(Method.java:643)
	at org.hibernate.service.internal.AbstractServiceRegistryImpl.applyInjections(AbstractServiceRegistryImpl.java:293)
	at org.hibernate.service.internal.AbstractServiceRegistryImpl.injectDependencies(AbstractServiceRegistryImpl.java:283)
	at org.hibernate.service.internal.AbstractServiceRegistryImpl.initializeService(AbstractServiceRegistryImpl.java:243)
	at org.hibernate.service.internal.AbstractServiceRegistryImpl.getService(AbstractServiceRegistryImpl.java:214)
	at org.hibernate.boot.internal.SessionFactoryOptionsBuilder.interpretConnectionHandlingMode(SessionFactoryOptionsBuilder.java:601)
	at org.hibernate.boot.internal.SessionFactoryOptionsBuilder.&lt;init&gt;(SessionFactoryOptionsBuilder.java:435)
	at org.hibernate.boot.internal.SessionFactoryBuilderImpl.&lt;init&gt;(SessionFactoryBuilderImpl.java:53)
	at org.hibernate.boot.internal.MetadataImpl.getSessionFactoryBuilder(MetadataImpl.java:153)
	at org.hibernate.cfg.Configuration.buildSessionFactory(Configuration.java:691)
	at org.hibernate.testing.junit4.BaseCoreFunctionalTestCase.buildSessionFactory(BaseCoreFunctionalTestCase.java:118)
	at org.hibernate.testing.junit4.BaseCoreFunctionalTestCase.buildSessionFactory(BaseCoreFunctionalTestCase.java:105)
	at sun.reflect.GeneratedMethodAccessor96.invoke(Unknown Source)
	at sun.reflect.DelegatingMethodAccessorImpl.invoke(DelegatingMethodAccessorImpl.java:55)
	at java.lang.reflect.Method.invoke(Method.java:508)
	at org.hibernate.testing.junit4.TestClassMetadata.performCallbackInvocation(TestClassMetadata.java:205)
	... 34 more
Caused by: java.lang.IllegalArgumentException: Wrong type at constant pool index
	at sun.reflect.ConstantPool.getClassAt(ConstantPool.java:49)
	at sun.reflect.annotation.AnnotationParser.parseAnnotation2(AnnotationParser.java:256)
	at sun.reflect.annotation.AnnotationParser.parseAnnotations2(AnnotationParser.java:132)
	at sun.reflect.annotation.AnnotationParser.parseAnnotations(AnnotationParser.java:84)
	... 53 more
</failure>
  <filtermessage>https://issues.redhat.com/browse/JBEAP-18933 - java.lang.IllegalArgumentException: Wrong type at constant pool index</filtermessage></testcase>
  <system-out/>
  <system-err/>
</testsuite>