<?xml version="1.0" encoding="UTF-8"?>
<testsuite errors="0" failures="0" hostname="localhost.localdomain" name="org.hibernate.jpa.test.inheritance.InheritanceTest" tests="1" time="0.202" timestamp="2012-09-12T12:37:18">
  <properties />
  <testcase classname="org.hibernate.jpa.test.inheritance.InheritanceTest" name="testFind" time="0.2" />
  <system-out><![CDATA[08:37:18,193 DEBUG LogHelper:117 - PersistenceUnitInfo [
	name: InheritanceTest
	persistence provider classname: org.hibernate.jpa.HibernatePersistenceProvider
	classloader: null
	excludeUnlistedClasses: false
	JTA datasource: null
	Non JTA datasource: null
	Transaction type: null
	PU root URL: null
	Shared Cache Mode: null
	Validation Mode: null
	Jar files URLs []
	Managed classes names []
	Mapping files names []
	Properties []
08:37:18,193 DEBUG IntegratorServiceImpl:59 - Adding Integrator [org.hibernate.cfg.beanvalidation.BeanValidationIntegrator].
08:37:18,193 DEBUG IntegratorServiceImpl:59 - Adding Integrator [org.hibernate.jpa.event.spi.JpaIntegrator].
08:37:18,194 DEBUG StrategySelectorImpl:72 - Registering named strategy selector [org.hibernate.dialect.Dialect] : [MySQL5] -> [org.hibernate.dialect.MySQL5Dialect] (replacing [org.hibernate.dialect.MySQL5Dialect])
08:37:18,198 DEBUG StrategySelectorImpl:72 - Registering named strategy selector [org.hibernate.dialect.Dialect] : [MySQL5InnoDB] -> [org.hibernate.dialect.MySQL5InnoDBDialect] (replacing [org.hibernate.dialect.MySQL5InnoDBDialect])
08:37:18,199 ERROR EntityManagerFactoryBuilderImpl:867 - HHH000050: Container is providing a null PersistenceUnitRootUrl: discovery impossible
08:37:18,200 DEBUG BasicTypeRegistry:143 - Adding type registration boolean -> org.hibernate.type.BooleanType@453d9468
08:37:18,200 DEBUG BasicTypeRegistry:143 - Adding type registration boolean -> org.hibernate.type.BooleanType@453d9468
08:37:18,200 DEBUG BasicTypeRegistry:143 - Adding type registration java.lang.Boolean -> org.hibernate.type.BooleanType@453d9468
08:37:18,200 DEBUG BasicTypeRegistry:143 - Adding type registration numeric_boolean -> org.hibernate.type.NumericBooleanType@7215aef2
08:37:18,200 DEBUG BasicTypeRegistry:143 - Adding type registration true_false -> org.hibernate.type.TrueFalseType@42919b58
08:37:18,200 DEBUG BasicTypeRegistry:143 - Adding type registration yes_no -> org.hibernate.type.YesNoType@68d6490d
08:37:18,200 DEBUG BasicTypeRegistry:143 - Adding type registration byte -> org.hibernate.type.ByteType@6dafa36
08:37:18,200 DEBUG BasicTypeRegistry:143 - Adding type registration byte -> org.hibernate.type.ByteType@6dafa36
08:37:18,200 DEBUG BasicTypeRegistry:143 - Adding type registration java.lang.Byte -> org.hibernate.type.ByteType@6dafa36
08:37:18,200 DEBUG BasicTypeRegistry:143 - Adding type registration character -> org.hibernate.type.CharacterType@6ca8f4d4
08:37:18,201 DEBUG BasicTypeRegistry:143 - Adding type registration char -> org.hibernate.type.CharacterType@6ca8f4d4
08:37:18,201 DEBUG BasicTypeRegistry:143 - Adding type registration java.lang.Character -> org.hibernate.type.CharacterType@6ca8f4d4
08:37:18,201 DEBUG BasicTypeRegistry:143 - Adding type registration short -> org.hibernate.type.ShortType@249b8f86
08:37:18,204 DEBUG BasicTypeRegistry:143 - Adding type registration short -> org.hibernate.type.ShortType@249b8f86
08:37:18,204 DEBUG BasicTypeRegistry:143 - Adding type registration java.lang.Short -> org.hibernate.type.ShortType@249b8f86
08:37:18,204 DEBUG BasicTypeRegistry:143 - Adding type registration integer -> org.hibernate.type.IntegerType@33435a77
08:37:18,204 DEBUG BasicTypeRegistry:143 - Adding type registration int -> org.hibernate.type.IntegerType@33435a77
08:37:18,204 DEBUG BasicTypeRegistry:143 - Adding type registration java.lang.Integer -> org.hibernate.type.IntegerType@33435a77
08:37:18,205 DEBUG BasicTypeRegistry:143 - Adding type registration long -> org.hibernate.type.LongType@1305e45c
08:37:18,205 DEBUG BasicTypeRegistry:143 - Adding type registration long -> org.hibernate.type.LongType@1305e45c
08:37:18,205 DEBUG BasicTypeRegistry:143 - Adding type registration java.lang.Long -> org.hibernate.type.LongType@1305e45c
08:37:18,205 DEBUG BasicTypeRegistry:143 - Adding type registration float -> org.hibernate.type.FloatType@e49d3bc
08:37:18,205 DEBUG BasicTypeRegistry:143 - Adding type registration float -> org.hibernate.type.FloatType@e49d3bc
08:37:18,205 DEBUG BasicTypeRegistry:143 - Adding type registration java.lang.Float -> org.hibernate.type.FloatType@e49d3bc
08:37:18,205 DEBUG BasicTypeRegistry:143 - Adding type registration double -> org.hibernate.type.DoubleType@506e89dd
08:37:18,205 DEBUG BasicTypeRegistry:143 - Adding type registration double -> org.hibernate.type.DoubleType@506e89dd
08:37:18,205 DEBUG BasicTypeRegistry:143 - Adding type registration java.lang.Double -> org.hibernate.type.DoubleType@506e89dd
08:37:18,210 DEBUG BasicTypeRegistry:143 - Adding type registration big_decimal -> org.hibernate.type.BigDecimalType@7d6a276
08:37:18,210 DEBUG BasicTypeRegistry:143 - Adding type registration java.math.BigDecimal -> org.hibernate.type.BigDecimalType@7d6a276
08:37:18,210 DEBUG BasicTypeRegistry:143 - Adding type registration big_integer -> org.hibernate.type.BigIntegerType@4f8b92d6
08:37:18,210 DEBUG BasicTypeRegistry:143 - Adding type registration java.math.BigInteger -> org.hibernate.type.BigIntegerType@4f8b92d6
08:37:18,210 DEBUG BasicTypeRegistry:143 - Adding type registration string -> org.hibernate.type.StringType@6ca79f01
08:37:18,210 DEBUG BasicTypeRegistry:143 - Adding type registration java.lang.String -> org.hibernate.type.StringType@6ca79f01
08:37:18,210 DEBUG BasicTypeRegistry:143 - Adding type registration url -> org.hibernate.type.UrlType@e8ed731
08:37:18,210 DEBUG BasicTypeRegistry:143 - Adding type registration java.net.URL -> org.hibernate.type.UrlType@e8ed731
08:37:18,210 DEBUG BasicTypeRegistry:143 - Adding type registration date -> org.hibernate.type.DateType@4c4af1f4
08:37:18,211 DEBUG BasicTypeRegistry:143 - Adding type registration java.sql.Date -> org.hibernate.type.DateType@4c4af1f4
08:37:18,211 DEBUG BasicTypeRegistry:143 - Adding type registration time -> org.hibernate.type.TimeType@6fec82b1
08:37:18,211 DEBUG BasicTypeRegistry:143 - Adding type registration java.sql.Time -> org.hibernate.type.TimeType@6fec82b1
08:37:18,211 DEBUG BasicTypeRegistry:143 - Adding type registration timestamp -> org.hibernate.type.TimestampType@6ef3f76
08:37:18,211 DEBUG BasicTypeRegistry:143 - Adding type registration java.sql.Timestamp -> org.hibernate.type.TimestampType@6ef3f76
08:37:18,211 DEBUG BasicTypeRegistry:143 - Adding type registration java.util.Date -> org.hibernate.type.TimestampType@6ef3f76
08:37:18,216 DEBUG BasicTypeRegistry:143 - Adding type registration dbtimestamp -> org.hibernate.type.DbTimestampType@77d8fec8
08:37:18,216 DEBUG BasicTypeRegistry:143 - Adding type registration calendar -> org.hibernate.type.CalendarType@5d6b3f00
08:37:18,216 DEBUG BasicTypeRegistry:143 - Adding type registration java.util.Calendar -> org.hibernate.type.CalendarType@5d6b3f00
08:37:18,216 DEBUG BasicTypeRegistry:143 - Adding type registration java.util.GregorianCalendar -> org.hibernate.type.CalendarType@5d6b3f00
08:37:18,216 DEBUG BasicTypeRegistry:143 - Adding type registration calendar_date -> org.hibernate.type.CalendarDateType@32e8f3eb
08:37:18,216 DEBUG BasicTypeRegistry:143 - Adding type registration locale -> org.hibernate.type.LocaleType@1c5c5ce3
08:37:18,216 DEBUG BasicTypeRegistry:143 - Adding type registration java.util.Locale -> org.hibernate.type.LocaleType@1c5c5ce3
08:37:18,216 DEBUG BasicTypeRegistry:143 - Adding type registration currency -> org.hibernate.type.CurrencyType@4f37f217
08:37:18,216 DEBUG BasicTypeRegistry:143 - Adding type registration java.util.Currency -> org.hibernate.type.CurrencyType@4f37f217
08:37:18,216 DEBUG BasicTypeRegistry:143 - Adding type registration timezone -> org.hibernate.type.TimeZoneType@3cbbad22
08:37:18,217 DEBUG BasicTypeRegistry:143 - Adding type registration java.util.TimeZone -> org.hibernate.type.TimeZoneType@3cbbad22
08:37:18,217 DEBUG BasicTypeRegistry:143 - Adding type registration class -> org.hibernate.type.ClassType@4ff0be90
08:37:18,217 DEBUG BasicTypeRegistry:143 - Adding type registration java.lang.Class -> org.hibernate.type.ClassType@4ff0be90
08:37:18,217 DEBUG BasicTypeRegistry:143 - Adding type registration uuid-binary -> org.hibernate.type.UUIDBinaryType@17fbf047
08:37:18,221 DEBUG BasicTypeRegistry:143 - Adding type registration java.util.UUID -> org.hibernate.type.UUIDBinaryType@17fbf047
08:37:18,221 DEBUG BasicTypeRegistry:143 - Adding type registration uuid-char -> org.hibernate.type.UUIDCharType@136157d
08:37:18,222 DEBUG BasicTypeRegistry:143 - Adding type registration pg-uuid -> org.hibernate.type.PostgresUUIDType@3c95648d
08:37:18,222 DEBUG BasicTypeRegistry:143 - Adding type registration binary -> org.hibernate.type.BinaryType@16b37db4
08:37:18,222 DEBUG BasicTypeRegistry:143 - Adding type registration byte[] -> org.hibernate.type.BinaryType@16b37db4
08:37:18,222 DEBUG BasicTypeRegistry:143 - Adding type registration [B -> org.hibernate.type.BinaryType@16b37db4
08:37:18,222 DEBUG BasicTypeRegistry:143 - Adding type registration wrapper-binary -> org.hibernate.type.WrapperBinaryType@6a7b94bd
08:37:18,222 DEBUG BasicTypeRegistry:143 - Adding type registration Byte[] -> org.hibernate.type.WrapperBinaryType@6a7b94bd
08:37:18,222 DEBUG BasicTypeRegistry:143 - Adding type registration [Ljava.lang.Byte; -> org.hibernate.type.WrapperBinaryType@6a7b94bd
08:37:18,222 DEBUG BasicTypeRegistry:143 - Adding type registration image -> org.hibernate.type.ImageType@462f654
08:37:18,222 DEBUG BasicTypeRegistry:143 - Adding type registration characters -> org.hibernate.type.CharArrayType@7d1a070b
08:37:18,222 DEBUG BasicTypeRegistry:143 - Adding type registration char[] -> org.hibernate.type.CharArrayType@7d1a070b
08:37:18,222 DEBUG BasicTypeRegistry:143 - Adding type registration [C -> org.hibernate.type.CharArrayType@7d1a070b
08:37:18,222 DEBUG BasicTypeRegistry:143 - Adding type registration wrapper-characters -> org.hibernate.type.CharacterArrayType@70c169b0
08:37:18,227 DEBUG BasicTypeRegistry:143 - Adding type registration [Ljava.lang.Character; -> org.hibernate.type.CharacterArrayType@70c169b0
08:37:18,227 DEBUG BasicTypeRegistry:143 - Adding type registration Character[] -> org.hibernate.type.CharacterArrayType@70c169b0
08:37:18,227 DEBUG BasicTypeRegistry:143 - Adding type registration text -> org.hibernate.type.TextType@1deaca69
08:37:18,228 DEBUG BasicTypeRegistry:143 - Adding type registration blob -> org.hibernate.type.BlobType@43ae24e3
08:37:18,228 DEBUG BasicTypeRegistry:143 - Adding type registration java.sql.Blob -> org.hibernate.type.BlobType@43ae24e3
08:37:18,228 DEBUG BasicTypeRegistry:143 - Adding type registration materialized_blob -> org.hibernate.type.MaterializedBlobType@65d654a3
08:37:18,228 DEBUG BasicTypeRegistry:143 - Adding type registration clob -> org.hibernate.type.ClobType@41032397
08:37:18,228 DEBUG BasicTypeRegistry:143 - Adding type registration java.sql.Clob -> org.hibernate.type.ClobType@41032397
08:37:18,228 DEBUG BasicTypeRegistry:143 - Adding type registration materialized_clob -> org.hibernate.type.MaterializedClobType@5092eefe
08:37:18,228 DEBUG BasicTypeRegistry:143 - Adding type registration serializable -> org.hibernate.type.SerializableType@5765c1bf
08:37:18,228 DEBUG BasicTypeRegistry:143 - Adding type registration object -> org.hibernate.type.ObjectType@d918f6c
08:37:18,228 DEBUG BasicTypeRegistry:143 - Adding type registration java.lang.Object -> org.hibernate.type.ObjectType@d918f6c
08:37:18,228 DEBUG BasicTypeRegistry:143 - Adding type registration imm_date -> org.hibernate.type.AdaptedImmutableType@1ab62542
08:37:18,228 DEBUG BasicTypeRegistry:143 - Adding type registration imm_time -> org.hibernate.type.AdaptedImmutableType@2c481dc1
08:37:18,229 DEBUG BasicTypeRegistry:143 - Adding type registration imm_timestamp -> org.hibernate.type.AdaptedImmutableType@3299809d
08:37:18,233 DEBUG BasicTypeRegistry:143 - Adding type registration imm_dbtimestamp -> org.hibernate.type.AdaptedImmutableType@2282cfd5
08:37:18,233 DEBUG BasicTypeRegistry:143 - Adding type registration imm_calendar -> org.hibernate.type.AdaptedImmutableType@57dc4e3
08:37:18,233 DEBUG BasicTypeRegistry:143 - Adding type registration imm_calendar_date -> org.hibernate.type.AdaptedImmutableType@2199ce36
08:37:18,233 DEBUG BasicTypeRegistry:143 - Adding type registration imm_binary -> org.hibernate.type.AdaptedImmutableType@7678067b
08:37:18,234 DEBUG BasicTypeRegistry:143 - Adding type registration imm_serializable -> org.hibernate.type.AdaptedImmutableType@41f1b200
08:37:18,234 DEBUG DefaultIdentifierGeneratorFactory:93 - Registering IdentifierGenerator strategy [uuid2] -> [org.hibernate.id.UUIDGenerator]
08:37:18,234 DEBUG DefaultIdentifierGeneratorFactory:93 - Registering IdentifierGenerator strategy [guid] -> [org.hibernate.id.GUIDGenerator]
08:37:18,234 DEBUG DefaultIdentifierGeneratorFactory:93 - Registering IdentifierGenerator strategy [uuid] -> [org.hibernate.id.UUIDHexGenerator]
08:37:18,234 DEBUG DefaultIdentifierGeneratorFactory:93 - Registering IdentifierGenerator strategy [uuid.hex] -> [org.hibernate.id.UUIDHexGenerator]
08:37:18,234 DEBUG DefaultIdentifierGeneratorFactory:93 - Registering IdentifierGenerator strategy [hilo] -> [org.hibernate.id.TableHiLoGenerator]
08:37:18,234 DEBUG DefaultIdentifierGeneratorFactory:93 - Registering IdentifierGenerator strategy [assigned] -> [org.hibernate.id.Assigned]
08:37:18,234 DEBUG DefaultIdentifierGeneratorFactory:93 - Registering IdentifierGenerator strategy [identity] -> [org.hibernate.id.IdentityGenerator]
08:37:18,234 DEBUG DefaultIdentifierGeneratorFactory:93 - Registering IdentifierGenerator strategy [select] -> [org.hibernate.id.SelectGenerator]
08:37:18,234 DEBUG DefaultIdentifierGeneratorFactory:93 - Registering IdentifierGenerator strategy [sequence] -> [org.hibernate.id.SequenceGenerator]
08:37:18,234 DEBUG DefaultIdentifierGeneratorFactory:93 - Registering IdentifierGenerator strategy [seqhilo] -> [org.hibernate.id.SequenceHiLoGenerator]
08:37:18,235 DEBUG DefaultIdentifierGeneratorFactory:93 - Registering IdentifierGenerator strategy [increment] -> [org.hibernate.id.IncrementGenerator]
08:37:18,239 DEBUG DefaultIdentifierGeneratorFactory:93 - Registering IdentifierGenerator strategy [foreign] -> [org.hibernate.id.ForeignGenerator]
08:37:18,239 DEBUG DefaultIdentifierGeneratorFactory:93 - Registering IdentifierGenerator strategy [sequence-identity] -> [org.hibernate.id.SequenceIdentityGenerator]
08:37:18,239 DEBUG DefaultIdentifierGeneratorFactory:93 - Registering IdentifierGenerator strategy [enhanced-sequence] -> [org.hibernate.id.enhanced.SequenceStyleGenerator]
08:37:18,239 DEBUG DefaultIdentifierGeneratorFactory:93 - Registering IdentifierGenerator strategy [enhanced-table] -> [org.hibernate.id.enhanced.TableGenerator]
08:37:18,240 DEBUG Configuration:1739 - Preparing to build session factory with filters : {}
08:37:18,241 DEBUG Configuration:3467 - Processing hbm.xml files
08:37:18,241 DEBUG Configuration:3497 - Process annotated classes
08:37:18,241 DEBUG AnnotationBinder:532 - Binding entity from annotated class: org.hibernate.jpa.test.inheritance.Fruit
08:37:18,242 DEBUG AnnotationBinder:990 - No value specified for 'javax.persistence.sharedCache.mode'; using UNSPECIFIED
08:37:18,242 DEBUG EntityBinder:394 - Import with entity name Fruit
08:37:18,242 DEBUG EntityBinder:564 - Bind entity org.hibernate.jpa.test.inheritance.Fruit on table Fruit
08:37:18,242 DEBUG Ejb3Column:196 - Binding column: Ejb3Column{table=org.hibernate.mapping.Table(Fruit), mappingColumn=id, insertable=true, updatable=true, unique=false}
08:37:18,242 DEBUG PropertyBinder:178 - MetadataSourceProcessor property id with lazy=false
08:37:18,243 DEBUG SimpleValueBinder:505 - building SimpleValue for id
08:37:18,243 DEBUG PropertyBinder:259 - Building property id
08:37:18,245 DEBUG AnnotationBinder:532 - Binding entity from annotated class: org.hibernate.jpa.test.inheritance.Strawberry
08:37:18,245 DEBUG Ejb3Column:196 - Binding column: Ejb3JoinColumn{logicalColumnName='id', referencedColumn='null', mappedBy='null'}
08:37:18,245 DEBUG AnnotationBinder:990 - No value specified for 'javax.persistence.sharedCache.mode'; using UNSPECIFIED
08:37:18,246 DEBUG EntityBinder:394 - Import with entity name Strawberry
08:37:18,246 DEBUG EntityBinder:564 - Bind entity org.hibernate.jpa.test.inheritance.Strawberry on table Strawberry
08:37:18,247 DEBUG Ejb3Column:196 - Binding column: Ejb3Column{table=org.hibernate.mapping.Table(Strawberry), mappingColumn=size_, insertable=true, updatable=true, unique=false}
08:37:18,247 DEBUG PropertyBinder:178 - MetadataSourceProcessor property size with lazy=false
08:37:18,247 DEBUG SimpleValueBinder:505 - building SimpleValue for size
08:37:18,247 DEBUG PropertyBinder:259 - Building property size
08:37:18,247 DEBUG SimpleValueBinder:542 - Setting SimpleValue typeName for id
08:37:18,248 DEBUG SimpleValueBinder:542 - Setting SimpleValue typeName for size
08:37:18,248 DEBUG Configuration:1413 - Processing fk mappings (*ToOne and JoinedSubclass)
08:37:18,248 DEBUG Configuration:1593 - Processing extends queue
08:37:18,248 DEBUG Configuration:1647 - Processing extends queue
08:37:18,248 DEBUG Configuration:1596 - Processing collection mappings
08:37:18,251 DEBUG Configuration:1606 - Processing native query and ResultSetMapping mappings
08:37:18,251 DEBUG Configuration:1614 - Processing association property references
08:37:18,251 DEBUG Configuration:1636 - Processing foreign key constraints
08:37:18,251 DEBUG Configuration:1704 - Resolving reference to class: org.hibernate.jpa.test.inheritance.Fruit
08:37:18,251  INFO DriverManagerConnectionProviderImpl:96 - HHH000402: Using Hibernate built-in connection pool (not for production use!)
08:37:18,252  INFO DriverManagerConnectionProviderImpl:130 - HHH000115: Hibernate connection pool size: 5
08:37:18,252  INFO DriverManagerConnectionProviderImpl:133 - HHH000006: Autocommit mode: false
08:37:18,252  INFO DriverManagerConnectionProviderImpl:147 - HHH000401: using driver [org.h2.Driver] at URL [jdbc:h2:mem:db1;DB_CLOSE_DELAY=-1;MVCC=TRUE;LOCK_TIMEOUT=10000]
08:37:18,252  INFO DriverManagerConnectionProviderImpl:150 - HHH000046: Connection properties: {user=sa}
08:37:18,252 DEBUG DriverManagerConnectionProviderImpl:192 - Opening new JDBC connection
08:37:18,253 DEBUG DriverManagerConnectionProviderImpl:202 - Created connection to: jdbc:h2:mem:db1;DB_CLOSE_DELAY=-1;MVCC=TRUE;LOCK_TIMEOUT=10000, Isolation Level: 2
08:37:18,253 DEBUG JdbcServicesImpl:124 - Database ->
       name : H2
    version : 1.2.145 (2010-11-02)
      major : 1
      minor : 2
08:37:18,257 DEBUG JdbcServicesImpl:130 - Driver ->
       name : H2 JDBC Driver
    version : 1.2.145 (2010-11-02)
      major : 1
      minor : 2
08:37:18,257 DEBUG JdbcServicesImpl:136 - JDBC version : 3.0
08:37:18,258  INFO Dialect:125 - HHH000400: Using dialect: org.hibernate.dialect.H2Dialect
08:37:18,259  INFO LobCreatorBuilder:94 - HHH000423: Disabling contextual LOB creation as JDBC driver reported JDBC version [3] less than 4
08:37:18,259 DEBUG JtaPlatformInitiator:58 -  No JtaPlatform was specified, using default [org.hibernate.engine.transaction.jta.platform.internal.NoJtaPlatform]
08:37:18,259 DEBUG SettingsFactory:102 - Automatic flush during beforeCompletion(): disabled
08:37:18,259 DEBUG SettingsFactory:108 - Automatic session close at end of transaction: disabled
08:37:18,259 DEBUG SettingsFactory:135 - Scrollable result sets: enabled
08:37:18,259 DEBUG SettingsFactory:141 - Wrap result sets: disabled
08:37:18,259 DEBUG SettingsFactory:147 - JDBC3 getGeneratedKeys(): enabled
08:37:18,262 DEBUG SettingsFactory:159 - multi-tenancy strategy : NONE
08:37:18,263 DEBUG SettingsFactory:165 - Connection release mode: auto
08:37:18,263 DEBUG SettingsFactory:201 - Maximum outer join fetch depth: 5
08:37:18,263 DEBUG SettingsFactory:207 - Default batch fetch size: 1
08:37:18,263 DEBUG SettingsFactory:213 - Generate SQL with comments: disabled
08:37:18,263 DEBUG SettingsFactory:219 - Order SQL updates by primary key: disabled
08:37:18,263 DEBUG SettingsFactory:225 - Order SQL inserts for batching: disabled
08:37:18,263 DEBUG SettingsFactory:450 - Query translator: org.hibernate.hql.internal.ast.ASTQueryTranslatorFactory
08:37:18,263  INFO ASTQueryTranslatorFactory:48 - HHH000397: Using ASTQueryTranslatorFactory
08:37:18,263 DEBUG SettingsFactory:235 - Query language substitutions: {}
08:37:18,264 DEBUG SettingsFactory:241 - JPA-QL strict compliance: disabled
08:37:18,264 DEBUG SettingsFactory:249 - Second-level cache: enabled
08:37:18,264 DEBUG SettingsFactory:255 - Query cache: disabled
08:37:18,264 DEBUG SettingsFactory:390 - Cache region factory : org.hibernate.testing.cache.CachingRegionFactory
08:37:18,264  WARN CachingRegionFactory:56 - CachingRegionFactory should be only used for testing.
08:37:18,268 DEBUG SettingsFactory:270 - Optimize cache for minimal puts: disabled
08:37:18,268 DEBUG SettingsFactory:279 - Cache region prefix: hibernate.test
08:37:18,269 DEBUG SettingsFactory:285 - Structured second-level cache entries: disabled
08:37:18,269 DEBUG SettingsFactory:294 - Statistics: disabled
08:37:18,269 DEBUG SettingsFactory:300 - Deleted entity synthetic identifier rollback: disabled
08:37:18,269 DEBUG SettingsFactory:324 - Default entity-mode: pojo
08:37:18,269 DEBUG SettingsFactory:330 - Named query checking : enabled
08:37:18,269 DEBUG SettingsFactory:336 - Check Nullability in Core (should be disabled when Bean Validation is on): enabled
08:37:18,269 DEBUG SessionFactoryImpl:221 - Building session factory
08:37:18,269 TRACE TypeFactory:72 - Scoping types to session factory org.hibernate.internal.SessionFactoryImpl@2ce55332
08:37:18,269 DEBUG SessionFactoryImpl:273 - Session factory constructed with filter configurations : {}
08:37:18,270 DEBUG SessionFactoryImpl:274 - Instantiating session factory with properties: {hibernate.id.new_generator_mappings=true, java.runtime.name=OpenJDK Runtime Environment, sun.boot.library.path=/usr/lib/jvm/java-1.7.0-openjdk-1.7.0.6.x86_64/jre/lib/amd64, java.vm.version=23.2-b09, hibernate.connection.username=sa, hibernate.test.validatefailureexpected=true, java.vm.vendor=Oracle Corporation, java.vendor.url=http://java.oracle.com/, path.separator=:, java.vm.name=OpenJDK 64-Bit Server VM, file.encoding.pkg=sun.io, user.country=US, sun.java.launcher=SUN_STANDARD, sun.os.patch.level=unknown, java.vm.specification.name=Java Virtual Machine Specification, user.dir=/home/jwood/hibernate-orm/hibernate-entitymanager, java.runtime.version=1.7.0_06-icedtea-mockbuild_2012_08_31_14_28-b00, java.awt.graphicsenv=sun.awt.X11GraphicsEnvironment, java.endorsed.dirs=/usr/lib/jvm/java-1.7.0-openjdk-1.7.0.6.x86_64/jre/lib/endorsed, os.arch=amd64, java.io.tmpdir=/tmp, line.separator=
, java.vm.specification.vendor=Oracle Corporation, os.name=Linux, hibernate.jdbc.batch_versioned_data=true, hibernate.cache.region_prefix=hibernate.test, sun.jnu.encoding=UTF-8, java.library.path=/usr/java/packages/lib/amd64:/usr/lib64:/lib64:/lib:/usr/lib, hibernate.ejb.persistenceUnitName=InheritanceTest, java.specification.name=Java Platform API Specification, java.class.version=51.0, hibernate.connection.pool_size=5, sun.management.compiler=HotSpot 64-Bit Tiered Compilers, os.version=3.5.3-1.fc17.x86_64, user.home=/home/jwood, user.timezone=US/Michigan, java.awt.printerjob=sun.print.PSPrinterJob, file.encoding=UTF-8, java.specification.version=1.7, hibernate.format_sql=true, hibernate.connection.driver_class=org.h2.Driver, java.class.path=/home/jwood/hibernate-orm/hibernate-entitymanager/target/classes/test:/home/jwood/hibernate-orm/hibernate-entitymanager/target/resources/test:/home/jwood/hibernate-orm/hibernate-entitymanager/target/classes/main:/home/jwood/hibernate-orm/hibernate-entitymanager/target/resources/main:/usr/lib/jvm/java-1.7.0-openjdk-1.7.0.6.x86_64/lib/tools.jar:/home/jwood/.gradle/caches/artifacts-14/filestore/org.jboss.logging/jboss-logging/3.1.0.GA/jar/c71f2856e7b60efe485db39b37a31811e6c84365/jboss-logging-3.1.0.GA.jar:/home/jwood/hibernate-orm/hibernate-core/target/libs/hibernate-core-4.2.0-SNAPSHOT.jar:/home/jwood/.gradle/caches/artifacts-14/filestore/dom4j/dom4j/1.6.1/jar/5d3ccc056b6f056dbf0dddfdf43894b9065a8f94/dom4j-1.6.1.jar:/home/jwood/.gradle/caches/artifacts-14/filestore/org.hibernate.common/hibernate-commons-annotations/4.0.1.Final/jar/78bcf608d997d0529be2f4f781fdc89e801c9e88/hibernate-commons-annotations-4.0.1.Final.jar:/home/jwood/.gradle/caches/artifacts-14/filestore/org.hibernate.javax.persistence/hibernate-jpa-2.1-api/1.0.0.Draft-7plus/jar/57fce2d5eea01b5dfc057448da9176ee1360a096/hibernate-jpa-2.1-api-1.0.0.Draft-7plus.jar:/home/jwood/.gradle/caches/artifacts-14/filestore/org.jboss.spec.javax.transaction/jboss-transaction-api_1.1_spec/1.0.0.Final/jar/2ab6236535e085d86f37fd97ddfdd35c88c1a419/jboss-transaction-api_1.1_spec-1.0.0.Final.jar:/home/jwood/.gradle/caches/artifacts-14/filestore/org.javassist/javassist/3.15.0-GA/jar/79907309ca4bb4e5e51d4086cc4179b2611358d7/javassist-3.15.0-GA.jar:/home/jwood/.gradle/caches/artifacts-14/filestore/junit/junit/4.10/jar/e4f1766ce7404a08f45d859fb9c226fc9e41a861/junit-4.10.jar:/home/jwood/.m2/repository/org/jboss/byteman/byteman/1.5.2/byteman-1.5.2.jar:/home/jwood/.m2/repository/org/jboss/byteman/byteman-install/1.5.2/byteman-install-1.5.2.jar:/home/jwood/.m2/repository/org/jboss/byteman/byteman-bmunit/1.5.2/byteman-bmunit-1.5.2.jar:/home/jwood/hibernate-orm/hibernate-testing/target/libs/hibernate-testing-4.2.0-SNAPSHOT.jar:/home/jwood/.gradle/caches/artifacts-14/filestore/org.jboss.shrinkwrap/shrinkwrap-api/1.0.0-beta-6/jar/f5eae972d5782f830c37e011f3d08db26d270df3/shrinkwrap-api-1.0.0-beta-6.jar:/home/jwood/.gradle/caches/artifacts-14/filestore/org.jboss.shrinkwrap/shrinkwrap-impl-base/1.0.0-beta-6/jar/920d03389e31c34c4d01df5a038f1ac26bc59618/shrinkwrap-impl-base-1.0.0-beta-6.jar:/home/jwood/.gradle/caches/artifacts-14/filestore/javax.validation/validation-api/1.0.0.GA/jar/b6bd7f9d78f6fdaa3c37dae18a4bd298915f328e/validation-api-1.0.0.GA.jar:/home/jwood/.gradle/caches/artifacts-14/filestore/org.jboss.weld.arquillian.container/arquillian-weld-ee-embedded-1.1/1.1.2.Final/jar/7afc677c5379f1e333fc42a00895c665efc340da/arquillian-weld-ee-embedded-1.1-1.1.2.Final.jar:/home/jwood/.gradle/caches/artifacts-14/filestore/org.jboss.weld/weld-core/1.1.9.Final/jar/74cea03ebfa9f822472e3b2bea9b099af1adcfba/weld-core-1.1.9.Final.jar:/home/jwood/.gradle/caches/artifacts-14/filestore/org.slf4j/slf4j-api/1.6.1/jar/6f3b8a24bf970f17289b234284c94f43eb42f0e4/slf4j-api-1.6.1.jar:/home/jwood/.gradle/caches/artifacts-14/filestore/org.slf4j/slf4j-log4j12/1.6.1/jar/bd245d6746cdd4e6203e976e21d597a46f115802/slf4j-log4j12-1.6.1.jar:/home/jwood/.gradle/caches/artifacts-14/filestore/org.slf4j/jcl-over-slf4j/1.6.1/jar/99c61095a14dfc9e47a086068033c286bf236475/jcl-over-slf4j-1.6.1.jar:/home/jwood/.gradle/caches/artifacts-14/filestore/commons-logging/commons-logging-api/99.0-does-not-exist/jar/7f4ef157287bbdc4747ca7291d27c6161429858e/commons-logging-api-99.0-does-not-exist.jar:/home/jwood/.gradle/caches/artifacts-14/filestore/commons-logging/commons-logging/99.0-does-not-exist/jar/c146d0c274dc9537c8aee540fde7b890a7d5a60/commons-logging-99.0-does-not-exist.jar:/home/jwood/.gradle/caches/artifacts-14/filestore/com.h2database/h2/1.2.145/jar/d9751e1135b9267e5b21811bd2be3b2ed89a6864/h2-1.2.145.jar:/home/jwood/.gradle/caches/artifacts-14/filestore/org.hibernate/hibernate-validator/4.2.0.Final/jar/eac2db0a9d86a9749724fe93d43afffa8106f25e/hibernate-validator-4.2.0.Final.jar:/home/jwood/.gradle/caches/artifacts-14/filestore/org.glassfish.web/el-impl/2.1.2-b04/jar/1fb944ee65c1b0284d7584fd33294cb0e83febb1/el-impl-2.1.2-b04.jar:/home/jwood/.gradle/caches/artifacts-14/filestore/org.jboss.ejb3/jboss-ejb3-api/3.1.0/jar/529cc2b7e740f1e1c1b9beba064bee166e62caec/jboss-ejb3-api-3.1.0.jar:/home/jwood/.gradle/caches/artifacts-14/filestore/antlr/antlr/2.7.7/jar/83cd2cd674a217ade95a4bb83a8a14f351f48bd0/antlr-2.7.7.jar:/home/jwood/.gradle/caches/artifacts-14/filestore/org.jboss/jandex/1.1.0.Alpha1/jar/bd65f9aae3c4acb9f63f6c43fe543e86f52489b1/jandex-1.1.0.Alpha1.jar:/home/jwood/.gradle/caches/artifacts-14/filestore/com.fasterxml/classmate/0.5.4/bundle/b9936202a7d696649a642f99b020ca723855bbcb/classmate-0.5.4.jar:/home/jwood/.gradle/caches/artifacts-14/filestore/org.hamcrest/hamcrest-core/1.1/jar/860340562250678d1a344907ac75754e259cdb14/hamcrest-core-1.1.jar:/home/jwood/.gradle/caches/artifacts-14/filestore/com.experlog/xapool/1.5.0/jar/50efa02a81bc3fb0269acd6cf7ab4123f017b520/xapool-1.5.0.jar:/home/jwood/.gradle/caches/artifacts-14/filestore/org.jboss.jbossts/jbossjta/4.16.4.Final/jar/11c929d01a67d9bece10783e125461e0ed3742ff/jbossjta-4.16.4.Final.jar:/home/jwood/.gradle/caches/artifacts-14/filestore/org.jboss.shrinkwrap/shrinkwrap-spi/1.0.0-beta-6/jar/77108f5774cad99dbd837fbba640b4ee814bbe00/shrinkwrap-spi-1.0.0-beta-6.jar:/home/jwood/.gradle/caches/artifacts-14/filestore/org.jboss.arquillian/arquillian-api/1.0.0.Alpha4/jar/e55bc82bdd2a253cd9fa2139fe970ce5c07bc5a1/arquillian-api-1.0.0.Alpha4.jar:/home/jwood/.gradle/caches/artifacts-14/filestore/org.jboss.arquillian/arquillian-spi/1.0.0.Alpha4/jar/249d5864dcc5fe1112ca35385758da02f9968f71/arquillian-spi-1.0.0.Alpha4.jar:/home/jwood/.gradle/caches/artifacts-14/filestore/org.jboss.arquillian.protocol/arquillian-protocol-local/1.0.0.Alpha4/jar/724e79816e0372f7cece21574b85cf196f223240/arquillian-protocol-local-1.0.0.Alpha4.jar:/home/jwood/.gradle/caches/artifacts-14/filestore/org.jboss.arquillian.testenricher/arquillian-testenricher-cdi/1.0.0.Alpha4/jar/973251b7d0e8dd0d4d26f77c3379a6f27ab0eed9/arquillian-testenricher-cdi-1.0.0.Alpha4.jar:/home/jwood/.gradle/caches/artifacts-14/filestore/org.jboss.shrinkwrap/shrinkwrap-extension-classloader/1.0.0-alpha-11/jar/df0d41068d2f8a00fc88bdf0cb48aaae1c944f9d/shrinkwrap-extension-classloader-1.0.0-alpha-11.jar:/home/jwood/.gradle/caches/artifacts-14/filestore/javax.annotation/jsr250-api/1.0/jar/5025422767732a1ab45d93abfea846513d742dcf/jsr250-api-1.0.jar:/home/jwood/.gradle/caches/artifacts-14/filestore/org.jboss.spec.javax.interceptor/jboss-interceptors-api_1.1_spec/1.0.0.Beta1/jar/8cb388fd3b4912373da7a18e199bb55aa52aa5c1/jboss-interceptors-api_1.1_spec-1.0.0.Beta1.jar:/home/jwood/.gradle/caches/artifacts-14/filestore/javax.inject/javax.inject/1/jar/6975da39a7040257bd51d21a231b76c915872d38/javax.inject-1.jar:/home/jwood/.gradle/caches/artifacts-14/filestore/javax.enterprise/cdi-api/1.0-SP3/jar/a106a0fba113c68357dca7ee0bf31667a8e73a76/cdi-api-1.0-SP3.jar:/home/jwood/.gradle/caches/artifacts-14/filestore/org.jboss.weld/weld-api/1.1.Final/jar/43bfca3cf623c5219029acf9a3de2cc896fc4085/weld-api-1.1.Final.jar:/home/jwood/.gradle/caches/artifacts-14/filestore/org.jboss.weld/weld-spi/1.1.Final/jar/5b99b236675aba9a0330cab05ee027a23c04ff84/weld-spi-1.1.Final.jar:/home/jwood/.gradle/caches/artifacts-14/filestore/com.google.code.findbugs/jsr305/1.3.9/jar/40719ea6961c0cb6afaeb6a921eaa1f6afd4cfdf/jsr305-1.3.9.jar:/home/jwood/.gradle/caches/artifacts-14/filestore/com.google.guava/guava/11.0.2/jar/35a3c69e19d72743cac83778aecbee68680f63eb/guava-11.0.2.jar:/home/jwood/.gradle/caches/artifacts-14/filestore/ch.qos.cal10n/cal10n-api/0.7.4/jar/132b7e1702af0335cf4259d30aaf959264db688f/cal10n-api-0.7.4.jar:/home/jwood/.gradle/caches/artifacts-14/filestore/org.slf4j/slf4j-ext/1.6.1/jar/65f03bea4de640a9fea0fc28605a118ac9b20e8b/slf4j-ext-1.6.1.jar:/home/jwood/.gradle/caches/artifacts-14/filestore/log4j/log4j/1.2.16/bundle/7999a63bfccbc7c247a9aea10d83d4272bd492c6/log4j-1.2.16.jar:/home/jwood/.gradle/caches/artifacts-14/filestore/javax.el/el-api/2.1.2-b04/jar/95e9e34b9f010d13e26f055e78a861d12d780717/el-api-2.1.2-b04.jar:/home/jwood/.gradle/caches/artifacts-14/filestore/jboss.jbossws/jboss-jaxrpc/2.0.3.GA/jar/914a38d364f163a49e3669a83212aa4ba986bf8e/jboss-jaxrpc-2.0.3.GA.jar:/home/jwood/.gradle/caches/artifacts-14/filestore/org.jboss.javaee/jboss-transaction-api/1.0.1.CR2/jar/f2c04ca912b15ce4afdd17122d5406ef5e5eea95/jboss-transaction-api-1.0.1.CR2.jar, user.name=jwood, hibernate.bytecode.use_reflection_optimizer=false, hibernate.show_sql=true, hibernate.ejb.loaded.classes=[class org.hibernate.jpa.test.inheritance.Fruit, class org.hibernate.jpa.test.inheritance.Strawberry], java.vm.specification.version=1.7, sun.java.command=jarjar.org.gradle.process.internal.launcher.GradleWorkerMain, java.home=/usr/lib/jvm/java-1.7.0-openjdk-1.7.0.6.x86_64/jre, sun.arch.data.model=64, hibernate.connection.url=jdbc:h2:mem:db1;DB_CLOSE_DELAY=-1;MVCC=TRUE;LOCK_TIMEOUT=10000, hibernate.dialect=org.hibernate.dialect.H2Dialect, user.language=en, java.specification.vendor=Oracle Corporation, awt.toolkit=sun.awt.X11.XToolkit, java.vm.info=mixed mode, java.version=1.7.0_06-icedtea, java.ext.dirs=/usr/lib/jvm/java-1.7.0-openjdk-1.7.0.6.x86_64/jre/lib/ext:/usr/java/packages/lib/ext, sun.boot.class.path=/usr/lib/jvm/java-1.7.0-openjdk-1.7.0.6.x86_64/jre/lib/resources.jar:/usr/lib/jvm/java-1.7.0-openjdk-1.7.0.6.x86_64/jre/lib/rt.jar:/usr/lib/jvm/java-1.7.0-openjdk-1.7.0.6.x86_64/jre/lib/sunrsasign.jar:/usr/lib/jvm/java-1.7.0-openjdk-1.7.0.6.x86_64/jre/lib/jsse.jar:/usr/lib/jvm/java-1.7.0-openjdk-1.7.0.6.x86_64/jre/lib/jce.jar:/usr/lib/jvm/java-1.7.0-openjdk-1.7.0.6.x86_64/jre/lib/charsets.jar:/usr/lib/jvm/java-1.7.0-openjdk-1.7.0.6.x86_64/jre/lib/netx.jar:/usr/lib/jvm/java-1.7.0-openjdk-1.7.0.6.x86_64/jre/lib/plugin.jar:/usr/lib/jvm/java-1.7.0-openjdk-1.7.0.6.x86_64/jre/lib/rhino.jar:/usr/lib/jvm/java-1.7.0-openjdk-1.7.0.6.x86_64/jre/lib/jfr.jar:/usr/lib/jvm/java-1.7.0-openjdk-1.7.0.6.x86_64/jre/classes, java.vendor=Oracle Corporation, hibernate.jdbc.batch_size=0, org.gradle.test.worker=1, hibernate.cache.region.factory_class=org.hibernate.testing.cache.CachingRegionFactory, file.separator=/, java.vendor.url.bug=http://bugreport.sun.com/bugreport/, hibernate.hbm2ddl.auto=create-drop, sun.io.unicode.encoding=UnicodeLittle, sun.cpu.endian=little, hibernate.max_fetch_depth=5, sun.desktop=gnome, sun.cpu.isalist=}
08:37:18,271 DEBUG DefaultTraversableResolver:107 - Found javax.persistence.Persistence on classpath containing 'getPersistenceUtil'. Assuming JPA 2 environment. Trying to instantiate JPA aware TraversableResolver
08:37:18,274 DEBUG DefaultTraversableResolver:118 - Instantiated JPA aware TraversableResolver of type org.hibernate.validator.engine.resolver.JPATraversableResolver.
08:37:18,274 DEBUG ValidationXmlParser:203 - Trying to load META-INF/validation.xml for XML based Validator configuration.
08:37:18,275 DEBUG ValidationXmlParser:206 - No META-INF/validation.xml found. Using annotation based configuration only
08:37:18,278 DEBUG DefaultTraversableResolver:107 - Found javax.persistence.Persistence on classpath containing 'getPersistenceUtil'. Assuming JPA 2 environment. Trying to instantiate JPA aware TraversableResolver
08:37:18,279 DEBUG DefaultTraversableResolver:118 - Instantiated JPA aware TraversableResolver of type org.hibernate.validator.engine.resolver.JPATraversableResolver.
08:37:18,279 DEBUG ValidationXmlParser:203 - Trying to load META-INF/validation.xml for XML based Validator configuration.
08:37:18,279 DEBUG ValidationXmlParser:206 - No META-INF/validation.xml found. Using annotation based configuration only
08:37:18,281 DEBUG CascadeStyles:285 - External cascade style regsitration [persist : STYLE_PERSIST_SKIPLAZY] overrode base registration [STYLE_PERSIST_SKIPLAZY]
08:37:18,282 DEBUG DefaultIdentifierGeneratorFactory:107 - Setting dialect [org.hibernate.dialect.H2Dialect]
08:37:18,288 DEBUG AbstractEntityPersister:3486 - Static SQL for entity: org.hibernate.jpa.test.inheritance.Fruit
08:37:18,288 DEBUG AbstractEntityPersister:3491 -  Version select: select id from Fruit where id =?
08:37:18,288 DEBUG AbstractEntityPersister:3494 -  Snapshot select: select fruit_.id from Fruit fruit_ where fruit_.id=?
08:37:18,288 DEBUG AbstractEntityPersister:3497 -  Insert 0: insert into Fruit (id) values (?)
08:37:18,289 DEBUG AbstractEntityPersister:3498 -  Update 0: null
08:37:18,289 DEBUG AbstractEntityPersister:3499 -  Delete 0: delete from Fruit where id=?
08:37:18,291 DEBUG AbstractEntityPersister:3486 - Static SQL for entity: org.hibernate.jpa.test.inheritance.Strawberry
08:37:18,292 DEBUG AbstractEntityPersister:3491 -  Version select: select id from Fruit where id =?
08:37:18,292 DEBUG AbstractEntityPersister:3494 -  Snapshot select: select strawberry_.id, strawberry_.size_ as size1_614_ from Strawberry strawberry_ inner join Fruit strawberry_1_ on strawberry_.id=strawberry_1_.id where strawberry_.id=?
08:37:18,292 DEBUG AbstractEntityPersister:3497 -  Insert 0: insert into Fruit (id) values (?)
08:37:18,292 DEBUG AbstractEntityPersister:3498 -  Update 0: null
08:37:18,292 DEBUG AbstractEntityPersister:3499 -  Delete 0: delete from Fruit where id=?
08:37:18,292 DEBUG AbstractEntityPersister:3497 -  Insert 1: insert into Strawberry (size_, id) values (?, ?)
08:37:18,292 DEBUG AbstractEntityPersister:3498 -  Update 1: update Strawberry set size_=? where id=?
08:37:18,292 DEBUG AbstractEntityPersister:3499 -  Delete 1: delete from Strawberry where id=?
08:37:18,293 DEBUG Loader:123 - Static select for entity org.hibernate.jpa.test.inheritance.Fruit [NONE]: select fruit0_.id as id613_0_, fruit0_1_.size_ as size1_614_0_, case when fruit0_1_.id is not null then 1 when fruit0_.id is not null then 0 end as clazz_0_ from Fruit fruit0_ left outer join Strawberry fruit0_1_ on fruit0_.id=fruit0_1_.id where fruit0_.id=?
08:37:18,293 DEBUG Loader:123 - Static select for entity org.hibernate.jpa.test.inheritance.Fruit [READ]: select fruit0_.id as id613_0_, fruit0_1_.size_ as size1_614_0_, case when fruit0_1_.id is not null then 1 when fruit0_.id is not null then 0 end as clazz_0_ from Fruit fruit0_ left outer join Strawberry fruit0_1_ on fruit0_.id=fruit0_1_.id where fruit0_.id=?
08:37:18,293 DEBUG Loader:123 - Static select for entity org.hibernate.jpa.test.inheritance.Fruit [UPGRADE]: select fruit0_.id as id613_0_, fruit0_1_.size_ as size1_614_0_, case when fruit0_1_.id is not null then 1 when fruit0_.id is not null then 0 end as clazz_0_ from Fruit fruit0_ left outer join Strawberry fruit0_1_ on fruit0_.id=fruit0_1_.id where fruit0_.id=? for update
08:37:18,294 DEBUG Loader:123 - Static select for entity org.hibernate.jpa.test.inheritance.Fruit [UPGRADE_NOWAIT]: select fruit0_.id as id613_0_, fruit0_1_.size_ as size1_614_0_, case when fruit0_1_.id is not null then 1 when fruit0_.id is not null then 0 end as clazz_0_ from Fruit fruit0_ left outer join Strawberry fruit0_1_ on fruit0_.id=fruit0_1_.id where fruit0_.id=? for update
08:37:18,294 DEBUG Loader:123 - Static select for entity org.hibernate.jpa.test.inheritance.Fruit [FORCE]: select fruit0_.id as id613_0_, fruit0_1_.size_ as size1_614_0_, case when fruit0_1_.id is not null then 1 when fruit0_.id is not null then 0 end as clazz_0_ from Fruit fruit0_ left outer join Strawberry fruit0_1_ on fruit0_.id=fruit0_1_.id where fruit0_.id=? for update
08:37:18,294 DEBUG Loader:123 - Static select for entity org.hibernate.jpa.test.inheritance.Fruit [PESSIMISTIC_READ]: select fruit0_.id as id613_0_, fruit0_1_.size_ as size1_614_0_, case when fruit0_1_.id is not null then 1 when fruit0_.id is not null then 0 end as clazz_0_ from Fruit fruit0_ left outer join Strawberry fruit0_1_ on fruit0_.id=fruit0_1_.id where fruit0_.id=? for update
08:37:18,294 DEBUG Loader:123 - Static select for entity org.hibernate.jpa.test.inheritance.Fruit [PESSIMISTIC_WRITE]: select fruit0_.id as id613_0_, fruit0_1_.size_ as size1_614_0_, case when fruit0_1_.id is not null then 1 when fruit0_.id is not null then 0 end as clazz_0_ from Fruit fruit0_ left outer join Strawberry fruit0_1_ on fruit0_.id=fruit0_1_.id where fruit0_.id=? for update
08:37:18,295 DEBUG Loader:123 - Static select for entity org.hibernate.jpa.test.inheritance.Fruit [PESSIMISTIC_FORCE_INCREMENT]: select fruit0_.id as id613_0_, fruit0_1_.size_ as size1_614_0_, case when fruit0_1_.id is not null then 1 when fruit0_.id is not null then 0 end as clazz_0_ from Fruit fruit0_ left outer join Strawberry fruit0_1_ on fruit0_.id=fruit0_1_.id where fruit0_.id=? for update
08:37:18,295 DEBUG Loader:123 - Static select for entity org.hibernate.jpa.test.inheritance.Fruit [OPTIMISTIC]: select fruit0_.id as id613_0_, fruit0_1_.size_ as size1_614_0_, case when fruit0_1_.id is not null then 1 when fruit0_.id is not null then 0 end as clazz_0_ from Fruit fruit0_ left outer join Strawberry fruit0_1_ on fruit0_.id=fruit0_1_.id where fruit0_.id=?
08:37:18,295 DEBUG Loader:123 - Static select for entity org.hibernate.jpa.test.inheritance.Fruit [OPTIMISTIC_FORCE_INCREMENT]: select fruit0_.id as id613_0_, fruit0_1_.size_ as size1_614_0_, case when fruit0_1_.id is not null then 1 when fruit0_.id is not null then 0 end as clazz_0_ from Fruit fruit0_ left outer join Strawberry fruit0_1_ on fruit0_.id=fruit0_1_.id where fruit0_.id=?
08:37:18,296 DEBUG Loader:56 - Static select for action ACTION_MERGE on entity org.hibernate.jpa.test.inheritance.Fruit: select fruit0_.id as id613_0_, fruit0_1_.size_ as size1_614_0_, case when fruit0_1_.id is not null then 1 when fruit0_.id is not null then 0 end as clazz_0_ from Fruit fruit0_ left outer join Strawberry fruit0_1_ on fruit0_.id=fruit0_1_.id where fruit0_.id=?
08:37:18,296 DEBUG Loader:56 - Static select for action ACTION_REFRESH on entity org.hibernate.jpa.test.inheritance.Fruit: select fruit0_.id as id613_0_, fruit0_1_.size_ as size1_614_0_, case when fruit0_1_.id is not null then 1 when fruit0_.id is not null then 0 end as clazz_0_ from Fruit fruit0_ left outer join Strawberry fruit0_1_ on fruit0_.id=fruit0_1_.id where fruit0_.id=?
08:37:18,296 DEBUG Loader:123 - Static select for entity org.hibernate.jpa.test.inheritance.Strawberry [NONE]: select strawberry0_.id as id613_0_, strawberry0_.size_ as size1_614_0_ from Strawberry strawberry0_ inner join Fruit strawberry0_1_ on strawberry0_.id=strawberry0_1_.id where strawberry0_.id=?
08:37:18,296 DEBUG Loader:123 - Static select for entity org.hibernate.jpa.test.inheritance.Strawberry [READ]: select strawberry0_.id as id613_0_, strawberry0_.size_ as size1_614_0_ from Strawberry strawberry0_ inner join Fruit strawberry0_1_ on strawberry0_.id=strawberry0_1_.id where strawberry0_.id=?
08:37:18,296 DEBUG Loader:123 - Static select for entity org.hibernate.jpa.test.inheritance.Strawberry [UPGRADE]: select strawberry0_.id as id613_0_, strawberry0_.size_ as size1_614_0_ from Strawberry strawberry0_ inner join Fruit strawberry0_1_ on strawberry0_.id=strawberry0_1_.id where strawberry0_.id=? for update
08:37:18,297 DEBUG Loader:123 - Static select for entity org.hibernate.jpa.test.inheritance.Strawberry [UPGRADE_NOWAIT]: select strawberry0_.id as id613_0_, strawberry0_.size_ as size1_614_0_ from Strawberry strawberry0_ inner join Fruit strawberry0_1_ on strawberry0_.id=strawberry0_1_.id where strawberry0_.id=? for update
08:37:18,297 DEBUG Loader:123 - Static select for entity org.hibernate.jpa.test.inheritance.Strawberry [FORCE]: select strawberry0_.id as id613_0_, strawberry0_.size_ as size1_614_0_ from Strawberry strawberry0_ inner join Fruit strawberry0_1_ on strawberry0_.id=strawberry0_1_.id where strawberry0_.id=? for update
08:37:18,297 DEBUG Loader:123 - Static select for entity org.hibernate.jpa.test.inheritance.Strawberry [PESSIMISTIC_READ]: select strawberry0_.id as id613_0_, strawberry0_.size_ as size1_614_0_ from Strawberry strawberry0_ inner join Fruit strawberry0_1_ on strawberry0_.id=strawberry0_1_.id where strawberry0_.id=? for update
08:37:18,297 DEBUG Loader:123 - Static select for entity org.hibernate.jpa.test.inheritance.Strawberry [PESSIMISTIC_WRITE]: select strawberry0_.id as id613_0_, strawberry0_.size_ as size1_614_0_ from Strawberry strawberry0_ inner join Fruit strawberry0_1_ on strawberry0_.id=strawberry0_1_.id where strawberry0_.id=? for update
08:37:18,298 DEBUG Loader:123 - Static select for entity org.hibernate.jpa.test.inheritance.Strawberry [PESSIMISTIC_FORCE_INCREMENT]: select strawberry0_.id as id613_0_, strawberry0_.size_ as size1_614_0_ from Strawberry strawberry0_ inner join Fruit strawberry0_1_ on strawberry0_.id=strawberry0_1_.id where strawberry0_.id=? for update
08:37:18,298 DEBUG Loader:123 - Static select for entity org.hibernate.jpa.test.inheritance.Strawberry [OPTIMISTIC]: select strawberry0_.id as id613_0_, strawberry0_.size_ as size1_614_0_ from Strawberry strawberry0_ inner join Fruit strawberry0_1_ on strawberry0_.id=strawberry0_1_.id where strawberry0_.id=?
08:37:18,298 DEBUG Loader:123 - Static select for entity org.hibernate.jpa.test.inheritance.Strawberry [OPTIMISTIC_FORCE_INCREMENT]: select strawberry0_.id as id613_0_, strawberry0_.size_ as size1_614_0_ from Strawberry strawberry0_ inner join Fruit strawberry0_1_ on strawberry0_.id=strawberry0_1_.id where strawberry0_.id=?
08:37:18,298 DEBUG Loader:56 - Static select for action ACTION_MERGE on entity org.hibernate.jpa.test.inheritance.Strawberry: select strawberry0_.id as id613_0_, strawberry0_.size_ as size1_614_0_ from Strawberry strawberry0_ inner join Fruit strawberry0_1_ on strawberry0_.id=strawberry0_1_.id where strawberry0_.id=?
08:37:18,299 DEBUG Loader:56 - Static select for action ACTION_REFRESH on entity org.hibernate.jpa.test.inheritance.Strawberry: select strawberry0_.id as id613_0_, strawberry0_.size_ as size1_614_0_ from Strawberry strawberry0_ inner join Fruit strawberry0_1_ on strawberry0_.id=strawberry0_1_.id where strawberry0_.id=?
08:37:18,299 DEBUG SessionFactoryRegistry:75 - Registering SessionFactory: 66f3f92c-8ff2-4ae6-9e62-69080182192b (<unnamed>)
08:37:18,299 DEBUG SessionFactoryRegistry:82 - Not binding SessionFactory to JNDI, no JNDI name configured
08:37:18,299 DEBUG SessionFactoryImpl:482 - Instantiated session factory
08:37:18,299 DEBUG Configuration:3467 - Processing hbm.xml files
08:37:18,299 DEBUG Configuration:3497 - Process annotated classes
08:37:18,299 DEBUG Configuration:1413 - Processing fk mappings (*ToOne and JoinedSubclass)
08:37:18,299 DEBUG Configuration:1593 - Processing extends queue
08:37:18,299 DEBUG Configuration:1647 - Processing extends queue
08:37:18,299 DEBUG Configuration:1596 - Processing collection mappings
08:37:18,300 DEBUG Configuration:1606 - Processing native query and ResultSetMapping mappings
08:37:18,300 DEBUG Configuration:1614 - Processing association property references
08:37:18,300 DEBUG Configuration:1636 - Processing foreign key constraints
08:37:18,300 DEBUG Configuration:1704 - Resolving reference to class: org.hibernate.jpa.test.inheritance.Fruit
08:37:18,300 DEBUG DefaultIdentifierGeneratorFactory:107 - Setting dialect [org.hibernate.dialect.H2Dialect]
08:37:18,300 DEBUG Configuration:3467 - Processing hbm.xml files
08:37:18,300 DEBUG Configuration:3497 - Process annotated classes
08:37:18,300 DEBUG Configuration:1413 - Processing fk mappings (*ToOne and JoinedSubclass)
08:37:18,300 DEBUG Configuration:1593 - Processing extends queue
08:37:18,301 DEBUG Configuration:1647 - Processing extends queue
08:37:18,301 DEBUG Configuration:1596 - Processing collection mappings
08:37:18,301 DEBUG Configuration:1606 - Processing native query and ResultSetMapping mappings
08:37:18,301 DEBUG Configuration:1614 - Processing association property references
08:37:18,303 DEBUG Configuration:1636 - Processing foreign key constraints
08:37:18,303 DEBUG Configuration:1704 - Resolving reference to class: org.hibernate.jpa.test.inheritance.Fruit
08:37:18,303 DEBUG DefaultIdentifierGeneratorFactory:107 - Setting dialect [org.hibernate.dialect.H2Dialect]
08:37:18,304 DEBUG DefaultIdentifierGeneratorFactory:107 - Setting dialect [org.hibernate.dialect.H2Dialect]
08:37:18,304  INFO SchemaExport:343 - HHH000227: Running hbm2ddl schema export
08:37:18,304 DEBUG SchemaExport:353 - Import file not found: /import.sql
08:37:18,305 DEBUG SQL:104 - 
    alter table Strawberry 
        drop constraint FK80F9BD6F590CDFE8
Hibernate: 
    alter table Strawberry 
        drop constraint FK80F9BD6F590CDFE8
08:37:18,305 ERROR SchemaExport:425 - HHH000389: Unsuccessful: alter table Strawberry drop constraint FK80F9BD6F590CDFE8
08:37:18,308 ERROR SchemaExport:426 - Table "STRAWBERRY" not found; SQL statement:

    alter table Strawberry 
        drop constraint FK80F9BD6F590CDFE8 [42102-145]
08:37:18,308 DEBUG SQL:104 - 
    drop table Fruit if exists
Hibernate: 
    drop table Fruit if exists
08:37:18,309 DEBUG SQL:104 - 
    drop table Strawberry if exists
Hibernate: 
    drop table Strawberry if exists
08:37:18,309 DEBUG SQL:104 - 
    drop sequence hibernate_sequence
Hibernate: 
    drop sequence hibernate_sequence
08:37:18,314 ERROR SchemaExport:425 - HHH000389: Unsuccessful: drop sequence hibernate_sequence
08:37:18,314 ERROR SchemaExport:426 - Sequence "HIBERNATE_SEQUENCE" not found; SQL statement:

    drop sequence hibernate_sequence [90036-145]
08:37:18,314 DEBUG SQL:104 - 
    create table Fruit (
        id bigint not null,
        primary key (id)
    )
Hibernate: 
    create table Fruit (
        id bigint not null,
        primary key (id)
    )
08:37:18,320 DEBUG SQL:104 - 
    create table Strawberry (
        size_ bigint,
        id bigint not null,
        primary key (id)
    )
Hibernate: 
    create table Strawberry (
        size_ bigint,
        id bigint not null,
        primary key (id)
    )
08:37:18,325 DEBUG SQL:104 - 
    alter table Strawberry 
        add constraint FK80F9BD6F590CDFE8 
        foreign key (id) 
        references Fruit
Hibernate: 
    alter table Strawberry 
        add constraint FK80F9BD6F590CDFE8 
        foreign key (id) 
        references Fruit
08:37:18,327 DEBUG SQL:104 - 
    create sequence hibernate_sequence start with 1 increment by 1
Hibernate: 
    create sequence hibernate_sequence start with 1 increment by 1
08:37:18,331  INFO SchemaExport:405 - HHH000230: Schema export complete
08:37:18,331 DEBUG Configuration:3467 - Processing hbm.xml files
08:37:18,331 DEBUG Configuration:3497 - Process annotated classes
08:37:18,331 DEBUG Configuration:1413 - Processing fk mappings (*ToOne and JoinedSubclass)
08:37:18,331 DEBUG Configuration:1593 - Processing extends queue
08:37:18,331 DEBUG Configuration:1647 - Processing extends queue
08:37:18,332 DEBUG Configuration:1596 - Processing collection mappings
08:37:18,332 DEBUG Configuration:1606 - Processing native query and ResultSetMapping mappings
08:37:18,332 DEBUG Configuration:1614 - Processing association property references
08:37:18,332 DEBUG Configuration:1636 - Processing foreign key constraints
08:37:18,332 DEBUG Configuration:1704 - Resolving reference to class: org.hibernate.jpa.test.inheritance.Fruit
08:37:18,332 DEBUG DefaultIdentifierGeneratorFactory:107 - Setting dialect [org.hibernate.dialect.H2Dialect]
08:37:18,332 DEBUG Configuration:3467 - Processing hbm.xml files
08:37:18,332 DEBUG Configuration:3497 - Process annotated classes
08:37:18,337 DEBUG Configuration:1413 - Processing fk mappings (*ToOne and JoinedSubclass)
08:37:18,337 DEBUG Configuration:1593 - Processing extends queue
08:37:18,337 DEBUG Configuration:1647 - Processing extends queue
08:37:18,337 DEBUG Configuration:1596 - Processing collection mappings
08:37:18,337 DEBUG Configuration:1606 - Processing native query and ResultSetMapping mappings
08:37:18,337 DEBUG Configuration:1614 - Processing association property references
08:37:18,337 DEBUG Configuration:1636 - Processing foreign key constraints
08:37:18,337 DEBUG Configuration:1704 - Resolving reference to class: org.hibernate.jpa.test.inheritance.Fruit
08:37:18,338 DEBUG DefaultIdentifierGeneratorFactory:107 - Setting dialect [org.hibernate.dialect.H2Dialect]
08:37:18,338 DEBUG DefaultIdentifierGeneratorFactory:107 - Setting dialect [org.hibernate.dialect.H2Dialect]
08:37:18,338 DEBUG SessionFactoryImpl:1019 - Checking 0 named HQL queries
08:37:18,338 DEBUG SessionFactoryImpl:1042 - Checking 0 named SQL queries
08:37:18,338 DEBUG StatisticsInitiator:110 - Statistics initialized [enabled=false]
08:37:18,339 DEBUG EntityManagerFactoryRegistry:66 - Registering EntityManagerFactory: InheritanceTest 
08:37:18,340 DEBUG SessionImpl:313 - Opened session at timestamp: 5519169283440640
08:37:18,343 DEBUG AbstractTransactionImpl:158 - begin
08:37:18,343 DEBUG LogicalConnectionImpl:295 - Obtaining JDBC connection
08:37:18,343 DEBUG LogicalConnectionImpl:301 - Obtained JDBC connection
08:37:18,343 DEBUG JdbcTransaction:69 - initial autocommit status: false
08:37:18,343 DEBUG SQL:104 - 
    call next value for hibernate_sequence
Hibernate: 
    call next value for hibernate_sequence
08:37:18,344 DEBUG SequenceStructure:104 - Sequence value obtained: 1
08:37:18,346 DEBUG AbstractSaveEventListener:131 - Generated identifier: 1, using strategy: org.hibernate.id.enhanced.SequenceStyleGenerator
08:37:18,347 DEBUG AbstractTransactionImpl:173 - committing
08:37:18,347 DEBUG AbstractFlushingEventListener:144 - Processing flush-time cascades
08:37:18,347 DEBUG AbstractFlushingEventListener:184 - Dirty checking collections
08:37:18,347 DEBUG AbstractFlushingEventListener:118 - Flushed: 1 insertions, 0 updates, 0 deletions to 1 objects
08:37:18,348 DEBUG AbstractFlushingEventListener:125 - Flushed: 0 (re)creations, 0 updates, 0 removals to 0 collections
08:37:18,348 DEBUG EntityPrinter:114 - Listing entities:
08:37:18,349 DEBUG EntityPrinter:121 - org.hibernate.jpa.test.inheritance.Strawberry{id=1, size=12}
08:37:18,351 DEBUG SQL:104 - 
    insert 
    into
        Fruit
        (id) 
    values
        (?)
Hibernate: 
    insert 
    into
        Fruit
        (id) 
    values
        (?)
08:37:18,354 TRACE BasicBinder:83 - binding parameter [1] as [BIGINT] - 1
08:37:18,355 DEBUG SQL:104 - 
    insert 
    into
        Strawberry
        (size_, id) 
    values
        (?, ?)
Hibernate: 
    insert 
    into
        Strawberry
        (size_, id) 
    values
        (?, ?)
08:37:18,360 TRACE BasicBinder:83 - binding parameter [1] as [BIGINT] - 12
08:37:18,360 TRACE BasicBinder:83 - binding parameter [2] as [BIGINT] - 1
08:37:18,361 DEBUG JdbcTransaction:113 - committed JDBC Connection
08:37:18,361 DEBUG AbstractTransactionImpl:158 - begin
08:37:18,361 DEBUG JdbcTransaction:69 - initial autocommit status: false
08:37:18,361 DEBUG Loader:1977 - Loading entity: [org.hibernate.jpa.test.inheritance.Strawberry#1]
08:37:18,362 DEBUG SQL:104 - 
    select
        strawberry0_.id as id613_0_,
        strawberry0_.size_ as size1_614_0_ 
    from
        Strawberry strawberry0_ 
    inner join
        Fruit strawberry0_1_ 
            on strawberry0_.id=strawberry0_1_.id 
    where
        strawberry0_.id=?
Hibernate: 
    select
        strawberry0_.id as id613_0_,
        strawberry0_.size_ as size1_614_0_ 
    from
        Strawberry strawberry0_ 
    inner join
        Fruit strawberry0_1_ 
            on strawberry0_.id=strawberry0_1_.id 
    where
        strawberry0_.id=?
08:37:18,371 TRACE BasicBinder:83 - binding parameter [1] as [BIGINT] - 1
08:37:18,376 DEBUG Loader:864 - Result set row: 0
08:37:18,376 DEBUG Loader:1357 - Result row: EntityKey[org.hibernate.jpa.test.inheritance.Strawberry#1]
08:37:18,376 TRACE BasicExtractor:71 - Found [12] as column [size1_614_0_]
08:37:18,377 DEBUG TwoPhaseLoad:158 - Resolving associations for [org.hibernate.jpa.test.inheritance.Strawberry#1]
08:37:18,377 DEBUG TwoPhaseLoad:297 - Done materializing entity [org.hibernate.jpa.test.inheritance.Strawberry#1]
08:37:18,377 DEBUG StatefulPersistenceContext:1007 - Initializing non-lazy collections
08:37:18,377 DEBUG Loader:2001 - Done entity load
2.(getReference) result is:org.hibernate.jpa.test.inheritance.Strawberry@358f51f1
08:37:18,378 DEBUG AbstractTransactionImpl:173 - committing
08:37:18,378 DEBUG AbstractFlushingEventListener:144 - Processing flush-time cascades
08:37:18,378 DEBUG AbstractFlushingEventListener:184 - Dirty checking collections
08:37:18,378 DEBUG AbstractFlushingEventListener:118 - Flushed: 0 insertions, 0 updates, 0 deletions to 1 objects
08:37:18,378 DEBUG AbstractFlushingEventListener:125 - Flushed: 0 (re)creations, 0 updates, 0 removals to 0 collections
08:37:18,378 DEBUG EntityPrinter:114 - Listing entities:
08:37:18,381 DEBUG EntityPrinter:121 - org.hibernate.jpa.test.inheritance.Strawberry{id=1, size=12}
08:37:18,381 DEBUG JdbcTransaction:113 - committed JDBC Connection
08:37:18,381 DEBUG JdbcCoordinatorImpl:138 - HHH000420: Closing un-released batch
08:37:18,381 DEBUG LogicalConnectionImpl:314 - Releasing JDBC connection
08:37:18,381 DEBUG LogicalConnectionImpl:332 - Released JDBC connection
08:37:18,381 DEBUG ConnectionProxyHandler:219 - HHH000163: Logical connection releasing its physical connection
08:37:18,382 DEBUG SessionFactoryImpl:1343 - HHH000031: Closing
08:37:18,382  INFO SchemaExport:343 - HHH000227: Running hbm2ddl schema export
08:37:18,382 DEBUG SchemaExport:353 - Import file not found: /import.sql
08:37:18,382 DEBUG SQL:104 - 
    alter table Strawberry 
        drop constraint FK80F9BD6F590CDFE8
Hibernate: 
    alter table Strawberry 
        drop constraint FK80F9BD6F590CDFE8
08:37:18,386 DEBUG SQL:104 - 
    drop table Fruit if exists
Hibernate: 
    drop table Fruit if exists
08:37:18,387 DEBUG SQL:104 - 
    drop table Strawberry if exists
Hibernate: 
    drop table Strawberry if exists
08:37:18,387 DEBUG SQL:104 - 
    drop sequence hibernate_sequence
Hibernate: 
    drop sequence hibernate_sequence
08:37:18,387  INFO SchemaExport:405 - HHH000230: Schema export complete
08:37:18,391  INFO DriverManagerConnectionProviderImpl:156 - HHH000030: Cleaning up connection pool [jdbc:h2:mem:db1;DB_CLOSE_DELAY=-1;MVCC=TRUE;LOCK_TIMEOUT=10000]
08:37:18,391 DEBUG EntityManagerFactoryRegistry:108 - Remove: name=InheritanceTest
]]></system-out>
  <system-err><![CDATA[]]></system-err>
</testsuite>
